[25/Oct/2017 10:42:55] "GET /index/ HTTP/1.1" 302 0
[25/Oct/2017 10:42:55] "GET /user/ HTTP/1.1" 200 2854
[25/Oct/2017 10:42:55] "GET /static/css/font.css HTTP/1.1" 200 521
[25/Oct/2017 10:42:55] "GET /static/css/xadmin.css HTTP/1.1" 200 9175
[25/Oct/2017 10:42:55] "GET /static/lib/layui/layui.js HTTP/1.1" 200 5924
[25/Oct/2017 10:42:55] "GET /static/js/xadmin.js HTTP/1.1" 200 5459
[25/Oct/2017 10:42:55] "GET /static/lib/layui/css/layui.css HTTP/1.1" 200 50972
[25/Oct/2017 10:42:56] "GET /static/images/bg.png HTTP/1.1" 200 28211
[25/Oct/2017 10:42:56] "GET /static/images/aiwrap.png HTTP/1.1" 200 3032
[25/Oct/2017 10:42:56] "GET /static/lib/layui/lay/modules/form.js HTTP/1.1" 200 7330
[25/Oct/2017 10:42:56] "GET /static/lib/layui/lay/modules/layer.js HTTP/1.1" 200 21835
[25/Oct/2017 10:42:56] "GET /static/lib/layui/css/modules/layer/default/layer.css?v=3.0.3 HTTP/1.1" 200 14365
[25/Oct/2017 10:42:56] "GET /static/lib/layui/lay/modules/element.js HTTP/1.1" 200 6960
[25/Oct/2017 10:42:56] "GET /static/images/favicon.png HTTP/1.1" 200 1024
[25/Oct/2017 10:42:58] "POST /login_handle/ HTTP/1.1" 200 36
[25/Oct/2017 10:42:59] "GET /index/ HTTP/1.1" 200 6770
[25/Oct/2017 10:42:59] "GET /static/fonts/iconfont.woff HTTP/1.1" 200 30200
[25/Oct/2017 10:42:59] "GET /static/lib/layui/font/iconfont.woff?v=2.0.0 HTTP/1.1" 200 21680
Internal Server Error: /admin_student/
Traceback (most recent call last):
  File "/root/workspace/env27/local/lib/python2.7/site-packages/django/core/handlers/exception.py", line 41, in inner
    response = get_response(request)
  File "/root/workspace/env27/local/lib/python2.7/site-packages/django/core/handlers/base.py", line 187, in _get_response
    response = self.process_exception_by_middleware(e, request)
  File "/root/workspace/env27/local/lib/python2.7/site-packages/django/core/handlers/base.py", line 185, in _get_response
    response = wrapped_callback(request, *callback_args, **callback_kwargs)
  File "/root/workspace/http/mingjia/mingjia_admin/user/user_decorator.py", line 15, in login_fun
    return func(request)
  File "/root/workspace/http/mingjia/mingjia_admin/views.py", line 189, in admin_student_manager
    stu = get_student(page_index, is_new)
  File "/root/workspace/http/mingjia/mingjia_admin/views.py", line 152, in get_student
    print('查询课程id为1')
UnicodeEncodeError: 'ascii' codec can't encode characters in position 0-3: ordinal not in range(128)
[25/Oct/2017 10:43:03] "GET /admin_student/?page_index=1&is_new=1 HTTP/1.1" 500 72576
[25/Oct/2017 10:43:04] "GET /admin_add/ HTTP/1.1" 200 7357
[25/Oct/2017 10:43:05] "GET /static/lib/layui/lay/modules/laydate.js HTTP/1.1" 200 26806
[25/Oct/2017 10:43:05] "GET /static/lib/layui/css/modules/laydate/default/laydate.css?v=5.0.2 HTTP/1.1" 200 7523
Internal Server Error: /admin_student/
Traceback (most recent call last):
  File "/root/workspace/env27/local/lib/python2.7/site-packages/django/core/handlers/exception.py", line 41, in inner
    response = get_response(request)
  File "/root/workspace/env27/local/lib/python2.7/site-packages/django/core/handlers/base.py", line 187, in _get_response
    response = self.process_exception_by_middleware(e, request)
  File "/root/workspace/env27/local/lib/python2.7/site-packages/django/core/handlers/base.py", line 185, in _get_response
    response = wrapped_callback(request, *callback_args, **callback_kwargs)
  File "/root/workspace/http/mingjia/mingjia_admin/user/user_decorator.py", line 15, in login_fun
    return func(request)
  File "/root/workspace/http/mingjia/mingjia_admin/views.py", line 189, in admin_student_manager
    stu = get_student(page_index, is_new)
  File "/root/workspace/http/mingjia/mingjia_admin/views.py", line 156, in get_student
    print('查询所有的课程id')
UnicodeEncodeError: 'ascii' codec can't encode characters in position 0-6: ordinal not in range(128)
[25/Oct/2017 10:43:05] "GET /admin_student/?page_index=1&is_new=0 HTTP/1.1" 500 73520
Performing system checks...

System check identified no issues (0 silenced).
October 25, 2017 - 10:42:28
Django version 1.11.5, using settings 'mingjia.settings'
Starting development server at http://0.0.0.0:8000/
Quit the server with CONTROL-C.
username-> admin password-> admin
 func(request)被执行
 func(request)被执行
1
 func(request)被执行
 func(request)被执行
0
[25/Oct/2017 10:50:30] "GET /index/ HTTP/1.1" 200 6770
[25/Oct/2017 10:50:30] "GET /static/css/font.css HTTP/1.1" 304 0
[25/Oct/2017 10:50:30] "GET /static/css/xadmin.css HTTP/1.1" 304 0
[25/Oct/2017 10:50:30] "GET /static/lib/layui/layui.js HTTP/1.1" 304 0
[25/Oct/2017 10:50:30] "GET /static/js/xadmin.js HTTP/1.1" 304 0
[25/Oct/2017 10:50:30] "GET /static/lib/layui/css/layui.css HTTP/1.1" 304 0
[25/Oct/2017 10:50:31] "GET /static/fonts/iconfont.woff HTTP/1.1" 304 0
[25/Oct/2017 10:50:31] "GET /static/lib/layui/lay/modules/form.js HTTP/1.1" 304 0
[25/Oct/2017 10:50:31] "GET /static/lib/layui/lay/modules/layer.js HTTP/1.1" 304 0
[25/Oct/2017 10:50:31] "GET /static/lib/layui/css/modules/layer/default/layer.css?v=3.0.3 HTTP/1.1" 304 0
[25/Oct/2017 10:50:31] "GET /static/lib/layui/lay/modules/element.js HTTP/1.1" 304 0
[25/Oct/2017 10:50:31] "GET /static/lib/layui/font/iconfont.woff?v=2.0.0 HTTP/1.1" 304 0
[25/Oct/2017 10:50:31] "GET /static/images/favicon.png HTTP/1.1" 200 1024
/root/workspace/http/mingjia/mingjia_admin/views.py:158: UnorderedObjectListWarning: Pagination may yield inconsistent results with an unordered object_list: <class 'mingjia_admin.models.Student'> QuerySet.
  paginator = Paginator(students, limit)
[25/Oct/2017 10:50:32] "GET /admin_student/?page_index=1&is_new=1 HTTP/1.1" 200 30485
[25/Oct/2017 10:50:32] "GET /static/lib/layui/lay/modules/laydate.js HTTP/1.1" 304 0
[25/Oct/2017 10:50:32] "GET /static/lib/layui/lay/modules/laypage.js HTTP/1.1" 200 4395
[25/Oct/2017 10:50:33] "GET /static/lib/layui/css/modules/laydate/default/laydate.css?v=5.0.2 HTTP/1.1" 304 0
[25/Oct/2017 10:50:35] "GET /admin_student/?page_index=1&is_new=0 HTTP/1.1" 200 45206
[25/Oct/2017 10:50:39] "GET /admin_add/ HTTP/1.1" 200 7357
[25/Oct/2017 10:50:45] "GET /get_students/1?name=%E6%9C%B1%E6%B4%AA%E4%BC%9F&phone=&school_name=&temp_class=&remark= HTTP/1.1" 200 11036
[25/Oct/2017 10:50:48] "GET /get_students/1?name=%E6%9C%B1%E6%B4%AA%E4%BC%9F1&phone=&school_name=&temp_class=&remark= HTTP/1.1" 200 7981
[25/Oct/2017 10:50:52] "GET /get_students/1?name=%E6%9C%B1%E6%B4%AA%E4%BC%9F1&phone=&school_name=&temp_class=1&remark= HTTP/1.1" 200 7982
[25/Oct/2017 10:50:59] "GET /get_students/1?name=%E6%9C%B1%E6%B4%AA%E4%BC%9F1&phone=17714574929&school_name=&temp_class=1&remark= HTTP/1.1" 200 6463
[25/Oct/2017 10:51:05] "GET /admin_student/?page_index=1&is_new=0 HTTP/1.1" 200 45206
[25/Oct/2017 10:51:19] "GET /admin_add/ HTTP/1.1" 200 7357
[25/Oct/2017 10:51:37] "POST /admin_add_handle/ HTTP/1.1" 200 36
[25/Oct/2017 10:51:38] "GET /static/lib/layui/css/modules/layer/default/icon.png HTTP/1.1" 200 11493
[25/Oct/2017 10:51:41] "POST /admin_add_handle/ HTTP/1.1" 200 36
[25/Oct/2017 10:51:44] "POST /admin_add_handle/ HTTP/1.1" 200 36
[25/Oct/2017 10:51:46] "POST /admin_add_handle/ HTTP/1.1" 200 36
[25/Oct/2017 10:51:48] "POST /admin_add_handle/ HTTP/1.1" 200 36
[25/Oct/2017 10:51:49] "POST /admin_add_handle/ HTTP/1.1" 200 36
[25/Oct/2017 10:51:51] "POST /admin_add_handle/ HTTP/1.1" 200 36
[25/Oct/2017 10:51:53] "POST /admin_add_handle/ HTTP/1.1" 200 36
[25/Oct/2017 10:51:55] "POST /admin_add_handle/ HTTP/1.1" 200 36
[25/Oct/2017 10:51:56] "POST /admin_add_handle/ HTTP/1.1" 200 36
[25/Oct/2017 10:51:58] "POST /admin_add_handle/ HTTP/1.1" 200 36
[25/Oct/2017 10:52:00] "POST /admin_add_handle/ HTTP/1.1" 200 36
[25/Oct/2017 10:52:01] "POST /admin_add_handle/ HTTP/1.1" 200 36
[25/Oct/2017 10:52:02] "POST /admin_add_handle/ HTTP/1.1" 200 36
[25/Oct/2017 10:52:02] "POST /admin_add_handle/ HTTP/1.1" 200 36
[25/Oct/2017 10:52:02] "POST /admin_add_handle/ HTTP/1.1" 200 36
[25/Oct/2017 10:52:06] "POST /admin_add_handle/ HTTP/1.1" 200 36
[25/Oct/2017 10:52:08] "POST /admin_add_handle/ HTTP/1.1" 200 36
[25/Oct/2017 10:52:10] "POST /admin_add_handle/ HTTP/1.1" 200 36
[25/Oct/2017 10:52:11] "POST /admin_add_handle/ HTTP/1.1" 200 36
[25/Oct/2017 10:52:13] "POST /admin_add_handle/ HTTP/1.1" 200 36
[25/Oct/2017 10:52:15] "POST /admin_add_handle/ HTTP/1.1" 200 36
[25/Oct/2017 10:52:18] "POST /admin_add_handle/ HTTP/1.1" 200 36
[25/Oct/2017 10:52:20] "POST /admin_add_handle/ HTTP/1.1" 200 36
[25/Oct/2017 10:52:22] "POST /admin_add_handle/ HTTP/1.1" 200 36
mysqldump: [Warning] Using a password on the command line interface can be insecure.
[25/Oct/2017 10:52:25] "GET /admin_backup/ HTTP/1.1" 200 1302
Not Found: /admin_backup/css/xadmin.css
[25/Oct/2017 10:52:26] "GET /admin_backup/css/xadmin.css HTTP/1.1" 404 7904
Not Found: /admin_backup/css/font.css
[25/Oct/2017 10:52:26] "GET /admin_backup/css/font.css HTTP/1.1" 404 7898
Not Found: /admin_backup/lib/layui/layui.js
[25/Oct/2017 10:52:26] "GET /admin_backup/lib/layui/layui.js HTTP/1.1" 404 7916
[25/Oct/2017 10:52:26] "GET /static/images/db.jpeg HTTP/1.1" 200 5863
Not Found: /admin_backup/js/xadmin.js
[25/Oct/2017 10:52:26] "GET /admin_backup/js/xadmin.js HTTP/1.1" 404 7898
[25/Oct/2017 10:52:27] "GET /admin_download/mingjia_backup.sql HTTP/1.1" 200 30195
[25/Oct/2017 10:52:53] "GET /index HTTP/1.1" 302 0
[25/Oct/2017 10:52:53] "GET /user/ HTTP/1.1" 200 2854
[25/Oct/2017 10:52:54] "GET /static/lib/layui/layui.js HTTP/1.1" 200 5924
[25/Oct/2017 10:52:54] "GET /static/js/xadmin.js HTTP/1.1" 200 5459
[25/Oct/2017 10:57:20] "GET /index/ HTTP/1.1" 302 0
[25/Oct/2017 10:57:20] "GET /user/ HTTP/1.1" 200 2854
[25/Oct/2017 10:57:21] "GET /static/css/font.css HTTP/1.1" 200 521
[25/Oct/2017 10:57:21] "GET /static/css/xadmin.css HTTP/1.1" 200 9175
[25/Oct/2017 10:57:21] "GET /static/lib/layui/layui.js HTTP/1.1" 200 5924
[25/Oct/2017 10:57:21] "GET /static/js/xadmin.js HTTP/1.1" 200 5459
[25/Oct/2017 10:57:21] "GET /static/lib/layui/css/layui.css HTTP/1.1" 200 50972
[25/Oct/2017 10:57:22] "GET /static/images/bg.png HTTP/1.1" 200 28211
[25/Oct/2017 10:57:22] "GET /static/images/aiwrap.png HTTP/1.1" 200 3032
[25/Oct/2017 10:57:23] "GET /static/lib/layui/lay/modules/form.js HTTP/1.1" 200 7330
[25/Oct/2017 10:57:23] "GET /static/lib/layui/lay/modules/layer.js HTTP/1.1" 200 21835
[25/Oct/2017 10:57:23] "GET /static/lib/layui/css/modules/layer/default/layer.css?v=3.0.3 HTTP/1.1" 200 14365
[25/Oct/2017 10:57:23] "GET /static/lib/layui/lay/modules/element.js HTTP/1.1" 200 6960
[25/Oct/2017 10:57:45] "POST /login_handle/ HTTP/1.1" 200 36
[25/Oct/2017 10:57:46] "GET /index/ HTTP/1.1" 200 6770
[25/Oct/2017 10:57:46] "GET /static/fonts/iconfont.woff HTTP/1.1" 200 30200
[25/Oct/2017 10:57:46] "GET /static/lib/layui/font/iconfont.woff?v=2.0.0 HTTP/1.1" 200 21680
[25/Oct/2017 10:57:52] "GET /admin_student/?page_index=1&is_new=1 HTTP/1.1" 200 51443
[25/Oct/2017 10:57:53] "GET /static/lib/layui/lay/modules/laydate.js HTTP/1.1" 200 26806
[25/Oct/2017 10:57:53] "GET /static/lib/layui/lay/modules/laypage.js HTTP/1.1" 200 4395
[25/Oct/2017 10:57:53] "GET /static/lib/layui/css/modules/laydate/default/laydate.css?v=5.0.2 HTTP/1.1" 200 7523
[25/Oct/2017 11:00:07] "GET /index/ HTTP/1.1" 302 0
[25/Oct/2017 11:00:07] "GET /user/ HTTP/1.1" 200 2854
[25/Oct/2017 11:00:07] "GET /static/css/xadmin.css HTTP/1.1" 200 9175
[25/Oct/2017 11:00:07] "GET /static/css/font.css HTTP/1.1" 200 521
[25/Oct/2017 11:00:07] "GET /static/js/xadmin.js HTTP/1.1" 200 5459
[25/Oct/2017 11:00:07] "GET /static/lib/layui/layui.js HTTP/1.1" 200 5924
[25/Oct/2017 11:00:07] "GET /static/lib/layui/css/layui.css HTTP/1.1" 200 50972
[25/Oct/2017 11:00:08] "GET /static/images/bg.png HTTP/1.1" 200 28211
[25/Oct/2017 11:00:08] "GET /static/images/aiwrap.png HTTP/1.1" 200 3032
[25/Oct/2017 11:00:08] "GET /static/lib/layui/lay/modules/form.js HTTP/1.1" 200 7330
[25/Oct/2017 11:00:08] "GET /static/lib/layui/lay/modules/layer.js HTTP/1.1" 200 21835
[25/Oct/2017 11:00:08] "GET /static/lib/layui/css/modules/layer/default/layer.css?v=3.0.3 HTTP/1.1" 200 14365
[25/Oct/2017 11:00:08] "GET /static/lib/layui/lay/modules/element.js HTTP/1.1" 200 6960
[25/Oct/2017 11:00:17] "GET /index HTTP/1.1" 302 0
[25/Oct/2017 11:00:17] "GET /user HTTP/1.1" 301 0
[25/Oct/2017 11:00:17] "GET /user/ HTTP/1.1" 200 2854
[25/Oct/2017 11:00:17] "GET /user/ HTTP/1.1" 200 2854
[25/Oct/2017 11:00:18] "GET /static/lib/layui/layui.js HTTP/1.1" 200 5924
[25/Oct/2017 11:00:18] "GET /static/lib/layui/layui.js HTTP/1.1" 200 5924
[25/Oct/2017 11:00:18] "GET /static/js/xadmin.js HTTP/1.1" 200 5459
[25/Oct/2017 11:00:18] "GET /static/js/xadmin.js HTTP/1.1" 200 5459
[25/Oct/2017 11:00:19] "POST /login_handle/ HTTP/1.1" 200 36
[25/Oct/2017 11:00:19] "GET /index/ HTTP/1.1" 200 6770
[25/Oct/2017 11:00:19] "GET /static/fonts/iconfont.woff HTTP/1.1" 200 30200
[25/Oct/2017 11:00:20] "GET /static/lib/layui/font/iconfont.woff?v=2.0.0 HTTP/1.1" 200 21680
[25/Oct/2017 11:00:27] "GET /admin_add/ HTTP/1.1" 200 7357
[25/Oct/2017 11:00:27] "GET /static/lib/layui/lay/modules/laydate.js HTTP/1.1" 200 26806
[25/Oct/2017 11:00:28] "GET /static/lib/layui/css/modules/laydate/default/laydate.css?v=5.0.2 HTTP/1.1" 200 7523
[25/Oct/2017 11:00:35] "GET /static/lib/layui/css/modules/layer/default/loading-1.gif HTTP/1.1" 200 701
[25/Oct/2017 11:00:35] "GET /static/lib/layui/css/modules/layer/default/icon.png HTTP/1.1" 200 11493
[25/Oct/2017 11:00:35] "GET /admin_student_edit/15 HTTP/1.1" 200 7438
[25/Oct/2017 11:00:36] "GET /static/css/xadmin.css HTTP/1.1" 304 0
[25/Oct/2017 11:00:36] "GET /static/css/font.css HTTP/1.1" 304 0
[25/Oct/2017 11:00:36] "GET /static/lib/layui/layui.js HTTP/1.1" 304 0
[25/Oct/2017 11:00:36] "GET /static/js/xadmin.js HTTP/1.1" 304 0
[25/Oct/2017 11:00:36] "GET /static/lib/layui/css/layui.css HTTP/1.1" 304 0
[25/Oct/2017 11:00:36] "GET /static/lib/layui/lay/modules/form.js HTTP/1.1" 304 0
[25/Oct/2017 11:00:36] "GET /static/lib/layui/lay/modules/layer.js HTTP/1.1" 304 0
[25/Oct/2017 11:00:37] "GET /static/lib/layui/css/modules/layer/default/layer.css?v=3.0.3 HTTP/1.1" 304 0
[25/Oct/2017 11:00:37] "GET /static/lib/layui/lay/modules/element.js HTTP/1.1" 304 0
[25/Oct/2017 11:00:38] "GET /admin_student/?page_index=1&is_new=0 HTTP/1.1" 200 52692
[25/Oct/2017 11:00:38] "GET /static/lib/layui/lay/modules/laypage.js HTTP/1.1" 200 4395
[25/Oct/2017 11:01:06] "GET /index/ HTTP/1.1" 302 0
[25/Oct/2017 11:01:06] "GET /user/ HTTP/1.1" 200 2854
[25/Oct/2017 11:01:06] "GET /static/css/font.css HTTP/1.1" 200 521
[25/Oct/2017 11:01:06] "GET /static/lib/layui/layui.js HTTP/1.1" 200 5924
[25/Oct/2017 11:01:06] "GET /static/js/xadmin.js HTTP/1.1" 200 5459
[25/Oct/2017 11:01:06] "GET /static/css/xadmin.css HTTP/1.1" 200 9175
[25/Oct/2017 11:01:06] "GET /static/lib/layui/css/layui.css HTTP/1.1" 200 50972
[25/Oct/2017 11:01:07] "GET /static/images/bg.png HTTP/1.1" 200 28211
[25/Oct/2017 11:01:07] "GET /static/images/aiwrap.png HTTP/1.1" 200 3032
[25/Oct/2017 11:01:07] "GET /static/lib/layui/lay/modules/form.js HTTP/1.1" 200 7330
[25/Oct/2017 11:01:07] "GET /static/lib/layui/lay/modules/layer.js HTTP/1.1" 200 21835
[25/Oct/2017 11:01:07] "GET /static/lib/layui/css/modules/layer/default/layer.css?v=3.0.3 HTTP/1.1" 200 14365
[25/Oct/2017 11:01:07] "GET /static/lib/layui/lay/modules/element.js HTTP/1.1" 200 6960
[25/Oct/2017 11:01:08] "GET /static/images/favicon.png HTTP/1.1" 200 1024
[25/Oct/2017 11:01:19] "POST /login_handle/ HTTP/1.1" 200 36
[25/Oct/2017 11:01:19] "GET /index/ HTTP/1.1" 200 6770
[25/Oct/2017 11:01:19] "GET /static/fonts/iconfont.woff HTTP/1.1" 200 30200
[25/Oct/2017 11:01:19] "GET /static/lib/layui/font/iconfont.woff?v=2.0.0 HTTP/1.1" 200 21680
[25/Oct/2017 11:01:27] "GET /admin_student/?page_index=1&is_new=1 HTTP/1.1" 200 51401
[25/Oct/2017 11:01:27] "GET /static/lib/layui/lay/modules/laydate.js HTTP/1.1" 200 26806
[25/Oct/2017 11:01:27] "GET /static/lib/layui/lay/modules/laypage.js HTTP/1.1" 200 4395
[25/Oct/2017 11:01:28] "GET /static/lib/layui/css/modules/laydate/default/laydate.css?v=5.0.2 HTTP/1.1" 200 7523
[25/Oct/2017 11:01:32] "GET /index/index.html HTTP/1.1" 200 6770
[25/Oct/2017 11:01:39] "GET /admin_teacher_add/ HTTP/1.1" 200 6910
/root/workspace/http/mingjia/mingjia_admin/views.py:428: UnorderedObjectListWarning: Pagination may yield inconsistent results with an unordered object_list: <class 'mingjia_admin.models.Teacher'> QuerySet.
  paginator = Paginator(teachers, limit)
[25/Oct/2017 11:01:41] "GET /admin_teacher_manager/1 HTTP/1.1" 200 20371
[25/Oct/2017 11:01:42] "GET /index/index.html HTTP/1.1" 302 0
[25/Oct/2017 11:01:42] "GET /user/ HTTP/1.1" 200 2854
[25/Oct/2017 11:01:44] "GET /static/lib/layui/layui.js HTTP/1.1" 200 5924
[25/Oct/2017 11:01:45] "GET /static/js/xadmin.js HTTP/1.1" 200 5459
[25/Oct/2017 11:01:50] "GET /admin_student/?page_index=1&is_new=1 HTTP/1.1" 200 51401
[25/Oct/2017 11:01:50] "GET /admin_student/?page_index=1&is_new=1 HTTP/1.1" 200 51401
[25/Oct/2017 11:01:51] "GET /admin_student/?page_index=1&is_new=1 HTTP/1.1" 200 51401
[25/Oct/2017 11:01:54] "GET /admin_student/?page_index=1&is_new=1 HTTP/1.1" 200 51401
[25/Oct/2017 11:02:05] "GET /admin_teacher_manager/1 HTTP/1.1" 200 20371
[25/Oct/2017 11:02:19] "GET /static/lib/layui/css/modules/layer/default/icon.png HTTP/1.1" 200 11493
[25/Oct/2017 11:02:20] "GET /admin_teacher_leave/7 HTTP/1.1" 200 74
[25/Oct/2017 11:02:20] "GET /admin_teacher_manager/1 HTTP/1.1" 200 20381
[25/Oct/2017 11:02:26] "GET /static/lib/layui/css/modules/layer/default/loading-1.gif HTTP/1.1" 200 701
[25/Oct/2017 11:02:26] "GET /admin_teacher_edit/7 HTTP/1.1" 200 7350
Not Found: /
[25/Oct/2017 12:13:13] "GET / HTTP/1.1" 404 7805
Not Found: /favicon.ico
[25/Oct/2017 12:13:13] "GET /favicon.ico HTTP/1.1" 404 7856
[25/Oct/2017 12:13:18] "GET /index HTTP/1.1" 302 0
[25/Oct/2017 12:13:19] "GET /user/ HTTP/1.1" 200 2854
[25/Oct/2017 12:13:19] "GET /static/css/font.css HTTP/1.1" 200 521
[25/Oct/2017 12:13:19] "GET /static/css/xadmin.css HTTP/1.1" 200 9175
[25/Oct/2017 12:13:19] "GET /static/lib/layui/layui.js HTTP/1.1" 200 5924
[25/Oct/2017 12:13:19] "GET /static/js/xadmin.js HTTP/1.1" 200 5459
[25/Oct/2017 12:13:19] "GET /static/lib/layui/css/layui.css HTTP/1.1" 200 50972
[25/Oct/2017 12:13:19] "GET /static/images/bg.png HTTP/1.1" 200 28211
[25/Oct/2017 12:13:19] "GET /static/images/aiwrap.png HTTP/1.1" 200 3032
[25/Oct/2017 12:13:19] "GET /static/lib/layui/lay/modules/form.js HTTP/1.1" 200 7330
[25/Oct/2017 12:13:19] "GET /static/lib/layui/lay/modules/layer.js HTTP/1.1" 200 21835
[25/Oct/2017 12:13:19] "GET /static/lib/layui/css/modules/layer/default/layer.css?v=3.0.3 HTTP/1.1" 200 14365
[25/Oct/2017 12:13:19] "GET /static/lib/layui/lay/modules/element.js HTTP/1.1" 200 6960
[25/Oct/2017 12:13:19] "GET /static/images/favicon.png HTTP/1.1" 200 1024
[25/Oct/2017 12:13:23] "POST /login_handle/ HTTP/1.1" 200 36
[25/Oct/2017 12:13:23] "GET /index/ HTTP/1.1" 200 6770
[25/Oct/2017 12:13:23] "GET /static/fonts/iconfont.woff HTTP/1.1" 200 30200
[25/Oct/2017 12:13:23] "GET /static/lib/layui/font/iconfont.woff?v=2.0.0 HTTP/1.1" 200 21680
[25/Oct/2017 12:13:26] "GET /admin_add/ HTTP/1.1" 200 7357
[25/Oct/2017 12:13:26] "GET /static/lib/layui/lay/modules/laydate.js HTTP/1.1" 200 26806
[25/Oct/2017 12:13:27] "GET /static/lib/layui/css/modules/laydate/default/laydate.css?v=5.0.2 HTTP/1.1" 200 7523
[25/Oct/2017 12:13:27] "GET /admin_student/?page_index=1&is_new=1 HTTP/1.1" 200 51401
[25/Oct/2017 12:13:27] "GET /static/lib/layui/lay/modules/laypage.js HTTP/1.1" 200 4395
[25/Oct/2017 12:13:28] "GET /admin_student/?page_index=1&is_new=0 HTTP/1.1" 200 52689
[25/Oct/2017 12:13:36] "GET /admin_student/?page_index=1&is_new=1 HTTP/1.1" 200 51401
[25/Oct/2017 12:13:38] "GET /admin_student/?page_index=1&is_new=0 HTTP/1.1" 200 52689
[25/Oct/2017 12:13:39] "GET /admin_student/?page_index=2&is_new=0 HTTP/1.1" 200 37354
[25/Oct/2017 12:13:47] "GET /admin_student/?page_index=1&is_new=0 HTTP/1.1" 200 52689
[25/Oct/2017 12:13:49] "GET /admin_student/?page_index=2&is_new=0 HTTP/1.1" 200 37324
[25/Oct/2017 12:13:51] "GET /admin_student/?page_index=1&is_new=0 HTTP/1.1" 200 52689
[25/Oct/2017 12:13:53] "GET /admin_student/?page_index=2&is_new=0 HTTP/1.1" 200 37324
[25/Oct/2017 12:13:54] "GET /admin_student/?page_index=1&is_new=0 HTTP/1.1" 200 52689
[25/Oct/2017 12:13:55] "GET /admin_student/?page_index=2&is_new=0 HTTP/1.1" 200 37324
[25/Oct/2017 12:13:57] "GET /index/ HTTP/1.1" 200 6770
[25/Oct/2017 12:13:57] "GET /static/images/favicon.png HTTP/1.1" 200 1024
[25/Oct/2017 12:13:59] "GET /admin_student/?page_index=1&is_new=0 HTTP/1.1" 200 52689
[25/Oct/2017 12:14:47] "GET /index/ HTTP/1.1" 200 6770
[25/Oct/2017 12:14:48] "GET /static/images/favicon.png HTTP/1.1" 200 1024
[25/Oct/2017 12:14:48] "GET /index/ HTTP/1.1" 200 6770
[25/Oct/2017 12:14:48] "GET /static/images/favicon.png HTTP/1.1" 200 1024
[25/Oct/2017 12:14:49] "GET /index/ HTTP/1.1" 200 6770
[25/Oct/2017 12:14:49] "GET /static/images/favicon.png HTTP/1.1" 200 1024
[25/Oct/2017 12:14:51] "GET /index/ HTTP/1.1" 200 6770
[25/Oct/2017 12:14:51] "GET /static/images/favicon.png HTTP/1.1" 200 1024
[25/Oct/2017 12:14:52] "GET /index/ HTTP/1.1" 200 6770
[25/Oct/2017 12:14:52] "GET /static/images/favicon.png HTTP/1.1" 200 1024
[25/Oct/2017 12:14:52] "GET /index/ HTTP/1.1" 200 6770
[25/Oct/2017 12:14:52] "GET /static/images/favicon.png HTTP/1.1" 200 1024
[25/Oct/2017 12:14:52] "GET /index/ HTTP/1.1" 200 6770
[25/Oct/2017 12:14:53] "GET /static/images/favicon.png HTTP/1.1" 200 1024
[25/Oct/2017 12:14:53] "GET /index/ HTTP/1.1" 200 6770
[25/Oct/2017 12:14:53] "GET /static/images/favicon.png HTTP/1.1" 200 1024
[25/Oct/2017 12:14:55] "GET /admin_student/?page_index=1&is_new=1 HTTP/1.1" 200 51401
[25/Oct/2017 12:14:55] "GET /admin_add/ HTTP/1.1" 200 7357
[25/Oct/2017 12:14:56] "GET /admin_student/?page_index=1&is_new=0 HTTP/1.1" 200 52689
[25/Oct/2017 12:15:39] "GET /index HTTP/1.1" 302 0
[25/Oct/2017 12:15:40] "GET /user/ HTTP/1.1" 200 2854
[25/Oct/2017 12:15:40] "GET /static/css/xadmin.css HTTP/1.1" 200 9175
[25/Oct/2017 12:15:40] "GET /static/css/font.css HTTP/1.1" 200 521
[25/Oct/2017 12:15:40] "GET /static/js/xadmin.js HTTP/1.1" 200 5459
[25/Oct/2017 12:15:40] "GET /static/lib/layui/layui.js HTTP/1.1" 200 5924
[25/Oct/2017 12:15:40] "GET /static/fonts/iconfont.eot? HTTP/1.1" 200 49600
[25/Oct/2017 12:15:40] "GET /static/lib/layui/css/layui.css HTTP/1.1" 200 50972
[25/Oct/2017 12:15:40] "GET /static/images/favicon.png HTTP/1.1" 200 1024
[25/Oct/2017 12:15:40] "GET /static/lib/layui/font/iconfont.eot?v=2.0.0 HTTP/1.1" 200 33168
[25/Oct/2017 12:15:40] "GET /static/images/bg.png HTTP/1.1" 200 28211
[25/Oct/2017 12:15:40] "GET /static/images/aiwrap.png HTTP/1.1" 200 3032
Forbidden (CSRF cookie not set.): /user/
[25/Oct/2017 12:15:49] "POST /user/ HTTP/1.1" 403 2857
Not Found: /favicon.ico
[25/Oct/2017 12:15:49] "GET /favicon.ico HTTP/1.1" 404 7856
[25/Oct/2017 12:15:50] "GET /static/fonts/iconfont.eot? HTTP/1.1" 200 49600
[25/Oct/2017 12:15:50] "GET /static/lib/layui/font/iconfont.eot?v=2.0.0 HTTP/1.1" 200 33168
Forbidden (CSRF cookie not set.): /user/
[25/Oct/2017 12:15:53] "POST /user/ HTTP/1.1" 403 2857
Not Found: /favicon.ico
[25/Oct/2017 12:15:53] "GET /favicon.ico HTTP/1.1" 404 7856
[25/Oct/2017 12:15:59] "GET /user/ HTTP/1.1" 200 2854
[25/Oct/2017 12:16:00] "GET /static/css/xadmin.css HTTP/1.1" 304 0
[25/Oct/2017 12:16:00] "GET /static/css/font.css HTTP/1.1" 304 0
[25/Oct/2017 12:16:00] "GET /static/js/xadmin.js HTTP/1.1" 304 0
[25/Oct/2017 12:16:00] "GET /static/lib/layui/layui.js HTTP/1.1" 304 0
[25/Oct/2017 12:16:00] "GET /static/fonts/iconfont.eot? HTTP/1.1" 304 0
[25/Oct/2017 12:16:00] "GET /static/lib/layui/css/layui.css HTTP/1.1" 304 0
[25/Oct/2017 12:16:00] "GET /static/lib/layui/font/iconfont.eot?v=2.0.0 HTTP/1.1" 304 0
[25/Oct/2017 12:16:00] "GET /static/images/bg.png HTTP/1.1" 304 0
[25/Oct/2017 12:16:00] "GET /static/images/aiwrap.png HTTP/1.1" 304 0
[25/Oct/2017 12:16:00] "GET /static/images/favicon.png HTTP/1.1" 304 0
Forbidden (CSRF cookie not set.): /user/
[25/Oct/2017 12:16:08] "POST /user/ HTTP/1.1" 403 2857
Not Found: /favicon.ico
[25/Oct/2017 12:16:08] "GET /favicon.ico HTTP/1.1" 404 7856
[25/Oct/2017 12:16:11] "GET /user/ HTTP/1.1" 200 2854
[25/Oct/2017 12:16:21] "GET /index/ HTTP/1.1" 302 0
[25/Oct/2017 12:16:23] "GET /index HTTP/1.1" 302 0
[25/Oct/2017 12:16:23] "GET /user/ HTTP/1.1" 200 2854
[25/Oct/2017 12:16:24] "GET /user/ HTTP/1.1" 200 2854
[25/Oct/2017 12:16:24] "GET /static/lib/layui/layui.js HTTP/1.1" 200 5924
[25/Oct/2017 12:16:24] "GET /static/css/font.css HTTP/1.1" 200 521
[25/Oct/2017 12:16:24] "GET /static/css/xadmin.css HTTP/1.1" 200 9175
[25/Oct/2017 12:16:24] "GET /static/js/xadmin.js HTTP/1.1" 200 5459
[25/Oct/2017 12:16:24] "GET /static/lib/layui/css/layui.css HTTP/1.1" 200 50972
Forbidden (CSRF cookie not set.): /user/
[25/Oct/2017 12:16:28] "POST /user/ HTTP/1.1" 403 2857
Not Found: /favicon.ico
[25/Oct/2017 12:16:29] "GET /favicon.ico HTTP/1.1" 404 7856
[25/Oct/2017 12:16:33] "GET /index HTTP/1.1" 302 0
[25/Oct/2017 12:16:33] "GET /user/ HTTP/1.1" 200 2854
[25/Oct/2017 12:16:33] "GET /static/css/font.css HTTP/1.1" 200 521
[25/Oct/2017 12:16:33] "GET /static/css/xadmin.css HTTP/1.1" 200 9175
[25/Oct/2017 12:16:33] "GET /static/lib/layui/layui.js HTTP/1.1" 200 5924
[25/Oct/2017 12:16:33] "GET /static/js/xadmin.js HTTP/1.1" 200 5459
[25/Oct/2017 12:16:33] "GET /static/lib/layui/css/layui.css HTTP/1.1" 200 50972
[25/Oct/2017 12:17:06] "GET /index/ HTTP/1.1" 302 0
[25/Oct/2017 12:17:06] "GET /user/ HTTP/1.1" 200 2854
[25/Oct/2017 12:17:11] "GET /index/ HTTP/1.1" 200 6770
[25/Oct/2017 12:17:11] "GET /static/images/favicon.png HTTP/1.1" 200 1024
[25/Oct/2017 12:17:13] "GET /admin_student/?page_index=1&is_new=1 HTTP/1.1" 200 51401
[25/Oct/2017 12:17:21] "GET /index/ HTTP/1.1" 302 0
[25/Oct/2017 12:17:21] "GET /user/ HTTP/1.1" 200 2854
[25/Oct/2017 12:17:21] "GET /static/css/xadmin.css HTTP/1.1" 200 9175
[25/Oct/2017 12:17:21] "GET /static/css/font.css HTTP/1.1" 200 521
[25/Oct/2017 12:17:21] "GET /static/js/xadmin.js HTTP/1.1" 200 5459
[25/Oct/2017 12:17:21] "GET /static/lib/layui/layui.js HTTP/1.1" 200 5924
[25/Oct/2017 12:17:21] "GET /static/lib/layui/css/layui.css HTTP/1.1" 200 50972
[25/Oct/2017 12:17:22] "GET /static/lib/layui/lay/modules/form.js HTTP/1.1" 200 7330
[25/Oct/2017 12:17:22] "GET /static/lib/layui/lay/modules/layer.js HTTP/1.1" 200 21835
[25/Oct/2017 12:17:22] "GET /static/lib/layui/css/modules/layer/default/layer.css?v=3.0.3 HTTP/1.1" 200 14365
[25/Oct/2017 12:17:22] "GET /static/lib/layui/lay/modules/element.js HTTP/1.1" 200 6960
[25/Oct/2017 12:18:03] "GET /user/ HTTP/1.1" 200 2854
[25/Oct/2017 12:18:05] "POST /login_handle/ HTTP/1.1" 200 36
[25/Oct/2017 12:18:05] "GET /index/ HTTP/1.1" 200 6770
[25/Oct/2017 12:18:07] "GET /admin_student/?page_index=1&is_new=1 HTTP/1.1" 200 51401
Not Found: /
[25/Oct/2017 12:18:08] "GET / HTTP/1.1" 404 7805
[25/Oct/2017 12:18:08] "GET /admin_student/?page_index=1&is_new=0 HTTP/1.1" 200 52689
Not Found: /favicon.ico
[25/Oct/2017 12:18:08] "GET /favicon.ico HTTP/1.1" 404 7856
Not Found: /
[25/Oct/2017 12:18:18] "GET / HTTP/1.1" 404 7805
[25/Oct/2017 12:18:18] "GET /index/ HTTP/1.1" 302 0
[25/Oct/2017 12:18:18] "GET /user/ HTTP/1.1" 200 2854
[25/Oct/2017 12:18:18] "GET /static/css/font.css HTTP/1.1" 304 0
[25/Oct/2017 12:18:18] "GET /static/lib/layui/layui.js HTTP/1.1" 304 0
[25/Oct/2017 12:18:18] "GET /static/css/xadmin.css HTTP/1.1" 304 0
[25/Oct/2017 12:18:18] "GET /static/js/xadmin.js HTTP/1.1" 304 0
[25/Oct/2017 12:18:19] "GET /static/lib/layui/css/layui.css HTTP/1.1" 304 0
[25/Oct/2017 12:18:19] "GET /static/images/bg.png HTTP/1.1" 304 0
[25/Oct/2017 12:18:19] "GET /static/lib/layui/lay/modules/form.js HTTP/1.1" 304 0
[25/Oct/2017 12:18:19] "GET /static/images/aiwrap.png HTTP/1.1" 304 0
[25/Oct/2017 12:18:19] "GET /static/lib/layui/lay/modules/layer.js HTTP/1.1" 304 0
[25/Oct/2017 12:18:19] "GET /static/lib/layui/css/modules/layer/default/layer.css?v=3.0.3 HTTP/1.1" 304 0
[25/Oct/2017 12:18:19] "GET /static/lib/layui/lay/modules/element.js HTTP/1.1" 304 0
[25/Oct/2017 12:18:19] "GET /static/images/favicon.png HTTP/1.1" 304 0
[25/Oct/2017 12:18:20] "POST /login_handle/ HTTP/1.1" 200 36
[25/Oct/2017 12:18:21] "GET /index/ HTTP/1.1" 200 6770
[25/Oct/2017 12:18:21] "GET /static/fonts/iconfont.woff HTTP/1.1" 304 0
[25/Oct/2017 12:18:21] "GET /static/lib/layui/font/iconfont.woff?v=2.0.0 HTTP/1.1" 304 0
[25/Oct/2017 12:18:23] "GET /admin_student/?page_index=1&is_new=1 HTTP/1.1" 200 51401
[25/Oct/2017 12:18:23] "GET /static/lib/layui/lay/modules/laydate.js HTTP/1.1" 304 0
[25/Oct/2017 12:18:23] "GET /static/lib/layui/lay/modules/laypage.js HTTP/1.1" 304 0
[25/Oct/2017 12:18:23] "GET /static/lib/layui/css/modules/laydate/default/laydate.css?v=5.0.2 HTTP/1.1" 304 0
[25/Oct/2017 12:18:24] "GET /admin_student/?page_index=1&is_new=0 HTTP/1.1" 200 52689
[25/Oct/2017 12:18:25] "GET /admin_teacher_manager/1 HTTP/1.1" 200 20381
[25/Oct/2017 12:18:26] "GET /admin_teacher_add/ HTTP/1.1" 200 6910
/root/workspace/http/mingjia/mingjia_admin/views.py:652: UnorderedObjectListWarning: Pagination may yield inconsistent results with an unordered object_list: <class 'mingjia_admin.models.Course'> QuerySet.
  paginator = Paginator(courses, limit)
[25/Oct/2017 12:18:28] "GET /admin_course_manager/1 HTTP/1.1" 200 14116
[25/Oct/2017 12:18:35] "GET /index/ HTTP/1.1" 302 0
[25/Oct/2017 12:18:35] "GET /user/ HTTP/1.1" 200 2854
[25/Oct/2017 12:18:35] "GET /static/css/xadmin.css HTTP/1.1" 200 9175
[25/Oct/2017 12:18:35] "GET /static/css/font.css HTTP/1.1" 200 521
[25/Oct/2017 12:18:35] "GET /static/js/xadmin.js HTTP/1.1" 200 5459
[25/Oct/2017 12:18:35] "GET /static/lib/layui/layui.js HTTP/1.1" 200 5924
[25/Oct/2017 12:18:35] "GET /static/lib/layui/css/layui.css HTTP/1.1" 200 50972
[25/Oct/2017 12:18:36] "GET /static/images/bg.png HTTP/1.1" 200 28211
[25/Oct/2017 12:18:36] "GET /static/images/aiwrap.png HTTP/1.1" 200 3032
[25/Oct/2017 12:18:36] "GET /static/lib/layui/lay/modules/form.js HTTP/1.1" 200 7330
[25/Oct/2017 12:18:36] "GET /static/images/favicon.png HTTP/1.1" 200 1024
[25/Oct/2017 12:18:36] "GET /static/lib/layui/lay/modules/layer.js HTTP/1.1" 200 21835
[25/Oct/2017 12:18:37] "GET /static/lib/layui/css/modules/layer/default/layer.css?v=3.0.3 HTTP/1.1" 200 14365
[25/Oct/2017 12:18:37] "GET /static/lib/layui/lay/modules/element.js HTTP/1.1" 200 6960
[25/Oct/2017 12:18:39] "POST /login_handle/ HTTP/1.1" 200 36
[25/Oct/2017 12:18:42] "GET /index/ HTTP/1.1" 200 6770
[25/Oct/2017 12:18:42] "GET /static/fonts/iconfont.woff HTTP/1.1" 200 30200
[25/Oct/2017 12:18:42] "GET /static/lib/layui/font/iconfont.svg?v=2.0.0 HTTP/1.1" 200 205518
[25/Oct/2017 12:18:43] "GET /static/lib/layui/font/iconfont.woff?v=2.0.0 HTTP/1.1" 200 21680
[25/Oct/2017 12:18:45] "GET /admin_student/?page_index=1&is_new=1 HTTP/1.1" 200 51401
[25/Oct/2017 12:18:45] "GET /static/lib/layui/lay/modules/laypage.js HTTP/1.1" 200 4395
[25/Oct/2017 12:18:45] "GET /static/lib/layui/lay/modules/laydate.js HTTP/1.1" 200 26806
[25/Oct/2017 12:18:45] "GET /static/lib/layui/css/modules/laydate/default/laydate.css?v=5.0.2 HTTP/1.1" 200 7523
[25/Oct/2017 12:18:46] "GET /admin_student/?page_index=1&is_new=0 HTTP/1.1" 200 52689
Not Found: /
[25/Oct/2017 12:18:49] "GET / HTTP/1.1" 404 7800
Not Found: /
[25/Oct/2017 12:19:03] "GET / HTTP/1.1" 404 7805
Not Found: /
[25/Oct/2017 12:19:03] "GET / HTTP/1.1" 404 7805
Not Found: /
[25/Oct/2017 12:19:06] "GET / HTTP/1.1" 404 7805
Not Found: /
[25/Oct/2017 12:19:39] "GET / HTTP/1.1" 404 7805
[25/Oct/2017 12:24:39] "GET /index/ HTTP/1.1" 302 0
[25/Oct/2017 12:24:39] "GET /user/ HTTP/1.1" 200 2854
[25/Oct/2017 12:24:39] "GET /static/css/font.css HTTP/1.1" 304 0
[25/Oct/2017 12:24:39] "GET /static/css/xadmin.css HTTP/1.1" 304 0
[25/Oct/2017 12:24:39] "GET /static/lib/layui/layui.js HTTP/1.1" 304 0
[25/Oct/2017 12:24:39] "GET /static/js/xadmin.js HTTP/1.1" 304 0
[25/Oct/2017 12:24:39] "GET /static/fonts/iconfont.eot? HTTP/1.1" 304 0
[25/Oct/2017 12:24:39] "GET /static/lib/layui/css/layui.css HTTP/1.1" 304 0
[25/Oct/2017 12:24:39] "GET /static/lib/layui/font/iconfont.eot?v=2.0.0 HTTP/1.1" 304 0
[25/Oct/2017 12:24:39] "GET /static/images/favicon.png HTTP/1.1" 304 0
[25/Oct/2017 12:24:40] "GET /static/images/bg.png HTTP/1.1" 304 0
[25/Oct/2017 12:24:40] "GET /static/images/aiwrap.png HTTP/1.1" 304 0
[25/Oct/2017 12:24:42] "GET /index/ HTTP/1.1" 302 0
[25/Oct/2017 12:24:42] "GET /user/ HTTP/1.1" 200 2854
[25/Oct/2017 12:24:42] "GET /static/css/font.css HTTP/1.1" 200 521
[25/Oct/2017 12:24:42] "GET /static/css/xadmin.css HTTP/1.1" 200 9175
[25/Oct/2017 12:24:42] "GET /static/js/xadmin.js HTTP/1.1" 200 5459
[25/Oct/2017 12:24:42] "GET /static/lib/layui/layui.js HTTP/1.1" 200 5924
[25/Oct/2017 12:24:42] "GET /static/lib/layui/css/layui.css HTTP/1.1" 200 50972
[25/Oct/2017 12:24:42] "GET /static/images/bg.png HTTP/1.1" 200 28211
[25/Oct/2017 12:24:42] "GET /static/images/aiwrap.png HTTP/1.1" 200 3032
[25/Oct/2017 12:24:42] "GET /static/lib/layui/lay/modules/form.js HTTP/1.1" 200 7330
[25/Oct/2017 12:24:42] "GET /static/lib/layui/lay/modules/layer.js HTTP/1.1" 200 21835
[25/Oct/2017 12:24:42] "GET /static/lib/layui/css/modules/layer/default/layer.css?v=3.0.3 HTTP/1.1" 200 14365
[25/Oct/2017 12:24:42] "GET /static/lib/layui/lay/modules/element.js HTTP/1.1" 200 6960
Forbidden (CSRF cookie not set.): /user/
[25/Oct/2017 12:24:43] "POST /user/ HTTP/1.1" 403 2857
Not Found: /favicon.ico
[25/Oct/2017 12:24:44] "GET /favicon.ico HTTP/1.1" 404 7856
[25/Oct/2017 12:24:46] "POST /login_handle/ HTTP/1.1" 200 36
[25/Oct/2017 12:24:46] "GET /index/ HTTP/1.1" 200 6770
[25/Oct/2017 12:24:46] "GET /static/fonts/iconfont.woff HTTP/1.1" 200 30200
[25/Oct/2017 12:24:46] "GET /static/lib/layui/font/iconfont.woff?v=2.0.0 HTTP/1.1" 200 21680
[25/Oct/2017 12:24:48] "GET /admin_student/?page_index=1&is_new=1 HTTP/1.1" 200 51401
Not Found: /favicon.ico
[25/Oct/2017 12:24:48] "GET /favicon.ico HTTP/1.1" 404 7856
[25/Oct/2017 12:24:48] "GET /static/lib/layui/lay/modules/laydate.js HTTP/1.1" 200 26806
[25/Oct/2017 12:24:48] "GET /static/lib/layui/lay/modules/laypage.js HTTP/1.1" 200 4395
[25/Oct/2017 12:24:48] "GET /static/lib/layui/css/modules/laydate/default/laydate.css?v=5.0.2 HTTP/1.1" 200 7523
[25/Oct/2017 12:24:49] "GET /admin_student/?page_index=1&is_new=0 HTTP/1.1" 200 52689
[25/Oct/2017 12:24:52] "GET /user HTTP/1.1" 301 0
[25/Oct/2017 12:24:52] "GET /user/ HTTP/1.1" 200 2854
[25/Oct/2017 12:24:54] "GET /static/lib/layui/layui.js HTTP/1.1" 200 5924
[25/Oct/2017 12:24:54] "GET /static/js/xadmin.js HTTP/1.1" 200 5459
[25/Oct/2017 12:24:57] "GET /user/ HTTP/1.1" 200 2854
[25/Oct/2017 12:24:57] "GET /static/css/font.css HTTP/1.1" 200 521
[25/Oct/2017 12:24:57] "GET /static/lib/layui/layui.js HTTP/1.1" 200 5924
[25/Oct/2017 12:24:57] "GET /static/css/xadmin.css HTTP/1.1" 200 9175
[25/Oct/2017 12:24:57] "GET /static/js/xadmin.js HTTP/1.1" 200 5459
[25/Oct/2017 12:24:57] "GET /static/lib/layui/css/layui.css HTTP/1.1" 200 50972
[25/Oct/2017 12:24:57] "GET /static/images/bg.png HTTP/1.1" 200 28211
[25/Oct/2017 12:24:57] "GET /static/images/aiwrap.png HTTP/1.1" 200 3032
[25/Oct/2017 12:24:57] "GET /static/lib/layui/lay/modules/form.js HTTP/1.1" 200 7330
[25/Oct/2017 12:24:57] "GET /static/lib/layui/lay/modules/layer.js HTTP/1.1" 200 21835
[25/Oct/2017 12:24:57] "GET /static/lib/layui/css/modules/layer/default/layer.css?v=3.0.3 HTTP/1.1" 200 14365
[25/Oct/2017 12:24:57] "GET /static/lib/layui/lay/modules/element.js HTTP/1.1" 200 6960
[25/Oct/2017 12:24:57] "GET /static/images/favicon.png HTTP/1.1" 200 1024
[25/Oct/2017 12:25:03] "POST /login_handle/ HTTP/1.1" 200 36
[25/Oct/2017 12:25:03] "GET /index/ HTTP/1.1" 200 6770
[25/Oct/2017 12:25:04] "GET /static/fonts/iconfont.woff HTTP/1.1" 200 30200
[25/Oct/2017 12:25:04] "GET /static/lib/layui/font/iconfont.woff?v=2.0.0 HTTP/1.1" 200 21680
[25/Oct/2017 12:25:14] "GET /static/fonts/iconfont.woff HTTP/1.1" 200 30200
[25/Oct/2017 12:25:14] "GET /static/lib/layui/font/iconfont.woff?v=2.0.0 HTTP/1.1" 200 21680
[25/Oct/2017 12:25:31] "GET /static/images/favicon.png HTTP/1.1" 200 1024
Not Found: /favicon.ico
[25/Oct/2017 12:25:31] "GET /favicon.ico HTTP/1.1" 404 7856
[25/Oct/2017 12:25:37] "GET /admin_student/?page_index=1&is_new=0 HTTP/1.1" 200 52689
[25/Oct/2017 12:25:37] "GET /static/lib/layui/lay/modules/laydate.js HTTP/1.1" 200 26806
[25/Oct/2017 12:25:37] "GET /static/lib/layui/lay/modules/laypage.js HTTP/1.1" 200 4395
[25/Oct/2017 12:25:37] "GET /static/lib/layui/css/modules/laydate/default/laydate.css?v=5.0.2 HTTP/1.1" 200 7523
[25/Oct/2017 12:25:42] "GET /static/lib/layui/css/modules/layer/default/loading-1.gif HTTP/1.1" 200 701
[25/Oct/2017 12:25:42] "GET /static/lib/layui/css/modules/layer/default/icon.png HTTP/1.1" 200 11493
[25/Oct/2017 12:25:42] "GET /admin_student_detail/7 HTTP/1.1" 200 5286
[25/Oct/2017 12:25:43] "GET /index/ HTTP/1.1" 302 0
[25/Oct/2017 12:25:44] "GET /user/ HTTP/1.1" 200 2854
[25/Oct/2017 12:25:44] "GET /static/css/font.css HTTP/1.1" 200 521
[25/Oct/2017 12:25:44] "GET /static/css/xadmin.css HTTP/1.1" 200 9175
[25/Oct/2017 12:25:44] "GET /static/js/xadmin.js HTTP/1.1" 200 5459
[25/Oct/2017 12:25:44] "GET /static/lib/layui/layui.js HTTP/1.1" 200 5924
[25/Oct/2017 12:25:44] "GET /static/lib/layui/css/layui.css HTTP/1.1" 200 50972
[25/Oct/2017 12:25:44] "GET /static/images/bg.png HTTP/1.1" 200 28211
[25/Oct/2017 12:25:44] "GET /static/images/aiwrap.png HTTP/1.1" 200 3032
[25/Oct/2017 12:25:44] "GET /static/lib/layui/lay/modules/form.js HTTP/1.1" 200 7330
[25/Oct/2017 12:25:44] "GET /static/lib/layui/lay/modules/layer.js HTTP/1.1" 200 21835
[25/Oct/2017 12:25:44] "GET /static/lib/layui/css/modules/layer/default/layer.css?v=3.0.3 HTTP/1.1" 200 14365
[25/Oct/2017 12:25:44] "GET /static/lib/layui/lay/modules/element.js HTTP/1.1" 200 6960
[25/Oct/2017 12:25:47] "GET /admin_student/?page_index=1&is_new=0 HTTP/1.1" 302 0
[25/Oct/2017 12:25:47] "POST /login_handle/ HTTP/1.1" 200 36
[25/Oct/2017 12:25:47] "GET /index/ HTTP/1.1" 200 6770
[25/Oct/2017 12:25:47] "GET /static/fonts/iconfont.woff HTTP/1.1" 200 30200
[25/Oct/2017 12:25:47] "GET /user/ HTTP/1.1" 200 2854
[25/Oct/2017 12:25:47] "GET /static/lib/layui/font/iconfont.woff?v=2.0.0 HTTP/1.1" 200 21680
[25/Oct/2017 12:25:48] "GET /static/lib/layui/layui.js HTTP/1.1" 200 5924
[25/Oct/2017 12:25:48] "GET /static/js/xadmin.js HTTP/1.1" 200 5459
[25/Oct/2017 12:25:49] "GET /admin_student/?page_index=1&is_new=1 HTTP/1.1" 200 51401
[25/Oct/2017 12:25:49] "GET /static/lib/layui/lay/modules/laydate.js HTTP/1.1" 200 26806
[25/Oct/2017 12:25:49] "GET /static/lib/layui/lay/modules/laypage.js HTTP/1.1" 200 4395
[25/Oct/2017 12:25:49] "GET /static/lib/layui/css/modules/laydate/default/laydate.css?v=5.0.2 HTTP/1.1" 200 7523
[25/Oct/2017 12:25:50] "GET /admin_student/?page_index=1&is_new=0 HTTP/1.1" 200 52689
[25/Oct/2017 12:25:52] "GET /admin_student_detail/7 HTTP/1.1" 200 5286
[25/Oct/2017 12:25:53] "GET /admin_student_detail/7 HTTP/1.1" 200 5286
[25/Oct/2017 12:25:53] "GET /admin_course_manager/1 HTTP/1.1" 200 14116
[25/Oct/2017 12:25:54] "GET /admin_teacher_manager/1 HTTP/1.1" 200 20381
[25/Oct/2017 12:25:55] "GET /admin_teacher_add/ HTTP/1.1" 200 6910
[25/Oct/2017 12:25:56] "GET /static/lib/layui/layui.js HTTP/1.1" 200 5924
[25/Oct/2017 12:25:56] "GET /admin_add_course/ HTTP/1.1" 200 7195
[25/Oct/2017 12:25:57] "GET /static/js/xadmin.js HTTP/1.1" 200 5459
/root/workspace/http/mingjia/mingjia_admin/views.py:909: UnorderedObjectListWarning: Pagination may yield inconsistent results with an unordered object_list: <class 'mingjia_admin.models.School'> QuerySet.
  paginator = Paginator(schools, limit)
[25/Oct/2017 12:25:57] "GET /admin_campus/1 HTTP/1.1" 200 11020
/root/workspace/http/mingjia/mingjia_admin/views.py:957: UnorderedObjectListWarning: Pagination may yield inconsistent results with an unordered object_list: <class 'mingjia_admin.models.School'> QuerySet.
  paginator = Paginator(schools, limit)
[25/Oct/2017 12:25:58] "GET /admin_school/1 HTTP/1.1" 200 7796
/root/workspace/http/mingjia/mingjia_admin/views.py:740: UnorderedObjectListWarning: Pagination may yield inconsistent results with an unordered object_list: <class 'mingjia_admin.models.Classroom'> QuerySet.
  paginator = Paginator(classrooms, limit)
[25/Oct/2017 12:25:58] "GET /admin_classroom/1 HTTP/1.1" 200 11546
mysqldump: [Warning] Using a password on the command line interface can be insecure.
[25/Oct/2017 12:26:00] "GET /admin_backup/ HTTP/1.1" 200 1302
Not Found: /admin_backup/js/xadmin.js
[25/Oct/2017 12:26:00] "GET /admin_backup/js/xadmin.js HTTP/1.1" 404 7898
[25/Oct/2017 12:26:00] "GET /static/images/db.jpeg HTTP/1.1" 200 5863
Not Found: /admin_backup/css/font.css
[25/Oct/2017 12:26:00] "GET /admin_backup/css/font.css HTTP/1.1" 404 7898
Not Found: /admin_backup/css/xadmin.css
[25/Oct/2017 12:26:00] "GET /admin_backup/css/xadmin.css HTTP/1.1" 404 7904
Not Found: /admin_backup/lib/layui/layui.js
[25/Oct/2017 12:26:00] "GET /admin_backup/lib/layui/layui.js HTTP/1.1" 404 7916
[25/Oct/2017 12:26:02] "GET /admin_add/ HTTP/1.1" 200 7357
[25/Oct/2017 12:26:09] "GET /admin_teacher_manager/1 HTTP/1.1" 200 20381
[25/Oct/2017 12:26:19] "GET /admin_teacher_manager/1 HTTP/1.1" 200 20381
[25/Oct/2017 12:26:20] "GET /static/lib/layui/layui.js HTTP/1.1" 200 5924
[25/Oct/2017 12:26:20] "GET /static/js/xadmin.js HTTP/1.1" 200 5459
[25/Oct/2017 12:26:38] "GET /admin_teacher_leave/6 HTTP/1.1" 200 74
[25/Oct/2017 12:26:38] "GET /admin_teacher_manager/1 HTTP/1.1" 200 20391
[25/Oct/2017 12:26:40] "GET /index/ HTTP/1.1" 302 0
[25/Oct/2017 12:26:40] "GET /user/ HTTP/1.1" 200 2854
[25/Oct/2017 12:26:40] "GET /static/css/xadmin.css HTTP/1.1" 200 9175
[25/Oct/2017 12:26:40] "GET /static/css/font.css HTTP/1.1" 200 521
[25/Oct/2017 12:26:40] "GET /static/js/xadmin.js HTTP/1.1" 200 5459
[25/Oct/2017 12:26:40] "GET /static/lib/layui/layui.js HTTP/1.1" 200 5924
[25/Oct/2017 12:26:40] "GET /static/lib/layui/css/layui.css HTTP/1.1" 200 50972
[25/Oct/2017 12:26:41] "GET /static/lib/layui/lay/modules/form.js HTTP/1.1" 200 7330
[25/Oct/2017 12:26:41] "GET /static/images/bg.png HTTP/1.1" 200 28211
[25/Oct/2017 12:26:41] "GET /static/images/aiwrap.png HTTP/1.1" 200 3032
[25/Oct/2017 12:26:41] "GET /static/lib/layui/lay/modules/layer.js HTTP/1.1" 200 21835
[25/Oct/2017 12:26:41] "GET /static/lib/layui/css/modules/layer/default/layer.css?v=3.0.3 HTTP/1.1" 200 14365
[25/Oct/2017 12:26:41] "GET /static/lib/layui/lay/modules/element.js HTTP/1.1" 200 6960
[25/Oct/2017 12:26:41] "GET /static/images/favicon.png HTTP/1.1" 200 1024
[25/Oct/2017 12:26:45] "POST /login_handle/ HTTP/1.1" 200 36
[25/Oct/2017 12:26:45] "GET /index/ HTTP/1.1" 200 6770
[25/Oct/2017 12:26:45] "GET /static/lib/layui/font/iconfont.eot?v=2.0.0 HTTP/1.1" 200 33168
[25/Oct/2017 12:26:45] "GET /static/fonts/iconfont.eot? HTTP/1.1" 200 49600
[25/Oct/2017 12:26:47] "GET /admin_student/?page_index=1&is_new=0 HTTP/1.1" 200 52689
[25/Oct/2017 12:26:47] "GET /static/lib/layui/lay/modules/laydate.js HTTP/1.1" 200 26806
[25/Oct/2017 12:26:47] "GET /static/lib/layui/lay/modules/laypage.js HTTP/1.1" 200 4395
[25/Oct/2017 12:26:48] "GET /static/lib/layui/css/modules/laydate/default/laydate.css?v=5.0.2 HTTP/1.1" 200 7523
[25/Oct/2017 12:26:48] "GET /admin_teacher_leave/6 HTTP/1.1" 200 139
[25/Oct/2017 12:26:48] "GET /admin_student/?page_index=1&is_new=1 HTTP/1.1" 200 51401
[25/Oct/2017 12:26:51] "GET /admin_student_edit/8 HTTP/1.1" 200 7430
[25/Oct/2017 12:26:51] "GET /static/lib/layui/css/modules/layer/default/icon.png HTTP/1.1" 200 11493
[25/Oct/2017 12:26:51] "GET /static/lib/layui/css/modules/layer/default/loading-1.gif HTTP/1.1" 200 701
mysqldump: [Warning] Using a password on the command line interface can be insecure.
[25/Oct/2017 12:26:54] "GET /admin_backup/ HTTP/1.1" 200 1302
Not Found: /admin_backup/css/font.css
[25/Oct/2017 12:26:54] "GET /admin_backup/css/font.css HTTP/1.1" 404 7898
Not Found: /admin_backup/css/xadmin.css
[25/Oct/2017 12:26:54] "GET /admin_backup/css/xadmin.css HTTP/1.1" 404 7904
[25/Oct/2017 12:26:54] "GET /static/images/db.jpeg HTTP/1.1" 200 5863
Not Found: /admin_backup/lib/layui/layui.js
[25/Oct/2017 12:26:54] "GET /admin_backup/lib/layui/layui.js HTTP/1.1" 404 7916
Not Found: /admin_backup/js/xadmin.js
[25/Oct/2017 12:26:54] "GET /admin_backup/js/xadmin.js HTTP/1.1" 404 7898
[25/Oct/2017 12:26:56] "GET /admin_teacher_edit/6 HTTP/1.1" 200 7419
[25/Oct/2017 12:26:58] "GET /admin_print_more/?type=0&is_search=False&is_new=1&index=1&course_id=&school_name=&phone=&name=&remark= HTTP/1.1" 200 1316
Not Found: /admin_print_more/css/font.css
[25/Oct/2017 12:26:58] "GET /admin_print_more/css/font.css HTTP/1.1" 404 7910
Not Found: /admin_print_more/lib/layui/layui.js
[25/Oct/2017 12:26:58] "GET /admin_print_more/lib/layui/layui.js HTTP/1.1" 404 7928
Not Found: /admin_print_more/css/xadmin.css
[25/Oct/2017 12:26:58] "GET /admin_print_more/css/xadmin.css HTTP/1.1" 404 7916
[25/Oct/2017 12:26:58] "GET /static/images/excel.jpg HTTP/1.1" 200 27785
Not Found: /admin_print_more/js/xadmin.js
[25/Oct/2017 12:26:58] "GET /admin_print_more/js/xadmin.js HTTP/1.1" 404 7910
[25/Oct/2017 12:26:59] "GET /admin_download/1508934418.42.xls HTTP/1.1" 200 9728
[25/Oct/2017 12:27:06] "GET /admin_teacher_edit/6 HTTP/1.1" 200 7419
[25/Oct/2017 12:27:08] "GET /static/lib/layui/layui.js HTTP/1.1" 200 5924
[25/Oct/2017 12:27:09] "GET /static/js/xadmin.js HTTP/1.1" 200 5459
[25/Oct/2017 12:27:13] "GET /admin_print/1/5 HTTP/1.1" 200 1328
Not Found: /admin_print/1/css/xadmin.css
[25/Oct/2017 12:27:13] "GET /admin_print/1/css/xadmin.css HTTP/1.1" 404 7907
Not Found: /admin_print/1/css/font.css
[25/Oct/2017 12:27:13] "GET /admin_print/1/css/font.css HTTP/1.1" 404 7901
Not Found: /admin_print/1/js/xadmin.js
[25/Oct/2017 12:27:13] "GET /admin_print/1/js/xadmin.js HTTP/1.1" 404 7901
Not Found: /admin_print/1/lib/layui/layui.js
[25/Oct/2017 12:27:13] "GET /admin_print/1/lib/layui/layui.js HTTP/1.1" 404 7919
[25/Oct/2017 12:27:13] "GET /static/images/excel.jpg HTTP/1.1" 200 27785
[25/Oct/2017 12:27:23] "GET /admin_print/1/5 HTTP/1.1" 200 1328
Not Found: /admin_print/1/lib/layui/layui.js
[25/Oct/2017 12:27:24] "GET /admin_print/1/lib/layui/layui.js HTTP/1.1" 404 7919
Not Found: /admin_print/1/js/xadmin.js
[25/Oct/2017 12:27:24] "GET /admin_print/1/js/xadmin.js HTTP/1.1" 404 7901
[25/Oct/2017 12:27:25] "GET /index/ HTTP/1.1" 200 6770
[25/Oct/2017 12:27:25] "GET /static/css/font.css HTTP/1.1" 304 0
[25/Oct/2017 12:27:25] "GET /static/lib/layui/layui.js HTTP/1.1" 304 0
[25/Oct/2017 12:27:25] "GET /static/css/xadmin.css HTTP/1.1" 304 0
[25/Oct/2017 12:27:25] "GET /static/js/xadmin.js HTTP/1.1" 304 0
[25/Oct/2017 12:27:25] "GET /static/lib/layui/css/layui.css HTTP/1.1" 304 0
[25/Oct/2017 12:27:26] "GET /static/fonts/iconfont.woff HTTP/1.1" 304 0
[25/Oct/2017 12:27:26] "GET /static/lib/layui/lay/modules/form.js HTTP/1.1" 304 0
[25/Oct/2017 12:27:26] "GET /static/css/xadmin.css HTTP/1.1" 304 0
[25/Oct/2017 12:27:26] "GET /admin_print/1/3 HTTP/1.1" 200 1328
[25/Oct/2017 12:27:26] "GET /static/lib/layui/lay/modules/layer.js HTTP/1.1" 304 0
Not Found: /admin_print/1/css/font.css
[25/Oct/2017 12:27:26] "GET /admin_print/1/css/font.css HTTP/1.1" 404 7901
Not Found: /admin_print/1/lib/layui/layui.js
[25/Oct/2017 12:27:26] "GET /admin_print/1/lib/layui/layui.js HTTP/1.1" 404 7919
Not Found: /admin_print/1/css/xadmin.css
[25/Oct/2017 12:27:26] "GET /admin_print/1/css/xadmin.css HTTP/1.1" 404 7907
Not Found: /admin_print/1/js/xadmin.js
[25/Oct/2017 12:27:26] "GET /admin_print/1/js/xadmin.js HTTP/1.1" 404 7901
[25/Oct/2017 12:27:26] "GET /static/lib/layui/css/modules/layer/default/layer.css?v=3.0.3 HTTP/1.1" 304 0
[25/Oct/2017 12:27:26] "GET /static/lib/layui/lay/modules/element.js HTTP/1.1" 304 0
[25/Oct/2017 12:27:26] "GET /static/lib/layui/font/iconfont.woff?v=2.0.0 HTTP/1.1" 304 0
[25/Oct/2017 12:27:27] "GET /admin_student/?page_index=1&is_new=1 HTTP/1.1" 200 51401
[25/Oct/2017 12:27:28] "GET /static/lib/layui/css/modules/layer/default/loading-1.gif HTTP/1.1" 200 701
[25/Oct/2017 12:27:28] "GET /static/lib/layui/css/modules/layer/default/icon.png HTTP/1.1" 200 11493
[25/Oct/2017 12:27:28] "GET /admin_print_more/?type=0&is_search=False&is_new=1&index=1&course_id=&school_name=&phone=&name=&remark= HTTP/1.1" 200 1316
Not Found: /admin_print_more/css/xadmin.css
[25/Oct/2017 12:27:28] "GET /admin_print_more/css/xadmin.css HTTP/1.1" 404 7916
Not Found: /admin_print_more/css/font.css
[25/Oct/2017 12:27:28] "GET /admin_print_more/css/font.css HTTP/1.1" 404 7910
Not Found: /admin_print_more/js/xadmin.js
[25/Oct/2017 12:27:28] "GET /admin_print_more/js/xadmin.js HTTP/1.1" 404 7910
Not Found: /admin_print_more/lib/layui/layui.js
[25/Oct/2017 12:27:28] "GET /static/images/excel.jpg HTTP/1.1" 200 27785
[25/Oct/2017 12:27:28] "GET /admin_print_more/lib/layui/layui.js HTTP/1.1" 404 7928
[25/Oct/2017 12:27:29] "GET /admin_download/1508934448.75.xls HTTP/1.1" 200 9728
[25/Oct/2017 12:27:45] "GET /admin_teacher_leave/7 HTTP/1.1" 200 139
[25/Oct/2017 12:27:45] "GET /admin_teacher_manager/1 HTTP/1.1" 200 20391
[25/Oct/2017 12:27:51] "GET /admin_teacher_leave/6 HTTP/1.1" 200 139
[25/Oct/2017 12:27:51] "GET /admin_teacher_manager/1 HTTP/1.1" 200 20391
[25/Oct/2017 12:27:55] "GET /admin_teacher_leave/7 HTTP/1.1" 200 139
[25/Oct/2017 12:28:01] code 400, message Bad request syntax ('JDWP-Handshake')
[25/Oct/2017 12:28:01] "JDWP-Handshake" 400 -
[25/Oct/2017 12:28:04] "GET /admin_course_manager/1 HTTP/1.1" 200 13987
[25/Oct/2017 12:28:09] "GET /admin_course_edit/6 HTTP/1.1" 200 6313
[25/Oct/2017 12:28:17] "POST /admin_course_edit_handle/ HTTP/1.1" 200 36
[25/Oct/2017 12:28:19] "GET /admin_course_edit/6 HTTP/1.1" 200 6437
[25/Oct/2017 12:28:20] "GET /static/lib/layui/layui.js HTTP/1.1" 200 5924
[25/Oct/2017 12:28:20] "GET /static/js/xadmin.js HTTP/1.1" 200 5459
[25/Oct/2017 12:28:23] "GET /admin_course_manager/1 HTTP/1.1" 200 13984
[25/Oct/2017 12:28:27] "GET /admin_course_edit/6 HTTP/1.1" 200 6437
[25/Oct/2017 12:28:35] "POST /admin_course_edit_handle/ HTTP/1.1" 200 36
[25/Oct/2017 12:28:39] "GET /admin_course_manager/1 HTTP/1.1" 200 13975
[25/Oct/2017 12:28:54] "GET /admin_course_edit/6 HTTP/1.1" 200 6434
[25/Oct/2017 12:29:47] "GET /get_courses/?id=5&name=&teacher__name=&time=&class_field__name=&remark= HTTP/1.1" 200 10355
[25/Oct/2017 12:29:51] "GET /get_courses/?id=&name=&teacher__name=&time=&class_field__name=&remark= HTTP/1.1" 200 15174
[25/Oct/2017 12:29:56] "GET /get_courses/?id=&name=&teacher__name=%E8%AE%B8%E5%B2%91&time=&class_field__name=&remark= HTTP/1.1" 200 12800
[25/Oct/2017 12:29:57] "GET /get_courses/?id=5&teacher__name=&time=&class_field__name=&remark= HTTP/1.1" 200 10355
[25/Oct/2017 12:29:57] "GET /static/lib/layui/layui.js HTTP/1.1" 200 5924
[25/Oct/2017 12:29:57] "GET /static/js/xadmin.js HTTP/1.1" 200 5459
[25/Oct/2017 12:30:02] "GET /get_courses/?id=&teacher__name=&time=&class_field__name=&remark= HTTP/1.1" 200 15174
[25/Oct/2017 12:30:03] "GET /get_courses/?id=&name=&teacher__name=%E8%AE%B8%E5%B2%91&time=%E5%91%A8%E4%B8%80&class_field__name=&remark= HTTP/1.1" 200 12812
[25/Oct/2017 12:30:04] "GET /static/lib/layui/layui.js HTTP/1.1" 200 5924
[25/Oct/2017 12:30:04] "GET /static/js/xadmin.js HTTP/1.1" 200 5459
Traceback (most recent call last):
  File "/usr/lib/python2.7/logging/__init__.py", line 861, in emit
    msg = self.format(record)
  File "/usr/lib/python2.7/logging/__init__.py", line 734, in format
    return fmt.format(record)
  File "/root/workspace/env27/local/lib/python2.7/site-packages/django/utils/log.py", line 192, in format
    return super(ServerFormatter, self).format(record)
  File "/usr/lib/python2.7/logging/__init__.py", line 476, in format
    raise e
UnicodeDecodeError: 'ascii' codec can't decode byte 0xa8 in position 37: ordinal not in range(128)
Logged from file basehttp.py, line 124
[25/Oct/2017 12:30:07] "GET /static/lib/layui/layui.js HTTP/1.1" 200 5924
[25/Oct/2017 12:30:07] "GET /static/js/xadmin.js HTTP/1.1" 200 5459
[25/Oct/2017 12:30:08] "GET /get_courses/?id=&name=&teacher__name=&time=%E5%91%A8%E4%B8%80&class_field__name=&remark= HTTP/1.1" 200 12797
Traceback (most recent call last):
  File "/usr/lib/python2.7/logging/__init__.py", line 861, in emit
    msg = self.format(record)
  File "/usr/lib/python2.7/logging/__init__.py", line 734, in format
    return fmt.format(record)
  File "/root/workspace/env27/local/lib/python2.7/site-packages/django/utils/log.py", line 192, in format
    return super(ServerFormatter, self).format(record)
  File "/usr/lib/python2.7/logging/__init__.py", line 476, in format
    raise e
UnicodeDecodeError: 'ascii' codec can't decode byte 0xa8 in position 37: ordinal not in range(128)
Logged from file basehttp.py, line 124
[25/Oct/2017 12:30:14] "GET /static/lib/layui/layui.js HTTP/1.1" 200 5924
[25/Oct/2017 12:30:14] "GET /static/js/xadmin.js HTTP/1.1" 200 5459
Traceback (most recent call last):
  File "/usr/lib/python2.7/logging/__init__.py", line 861, in emit
    msg = self.format(record)
  File "/usr/lib/python2.7/logging/__init__.py", line 734, in format
    return fmt.format(record)
  File "/root/workspace/env27/local/lib/python2.7/site-packages/django/utils/log.py", line 192, in format
    return super(ServerFormatter, self).format(record)
  File "/usr/lib/python2.7/logging/__init__.py", line 476, in format
    raise e
UnicodeDecodeError: 'ascii' codec can't decode byte 0xa1 in position 45: ordinal not in range(128)
Logged from file basehttp.py, line 124
[25/Oct/2017 12:30:19] "GET /static/lib/layui/layui.js HTTP/1.1" 200 5924
[25/Oct/2017 12:30:19] "GET /static/js/xadmin.js HTTP/1.1" 200 5459
[25/Oct/2017 12:30:19] "GET /admin_course_manager/1 HTTP/1.1" 200 13975
[25/Oct/2017 12:30:28] "GET /get_courses/?id=&name=&teacher__name=&time=%E5%91%A8%E4%B8%89&class_field__name=&remark= HTTP/1.1" 200 15186
[25/Oct/2017 12:30:34] "GET /get_courses/?id=&name=&teacher__name=&time=&class_field__name=&remark= HTTP/1.1" 200 15174
[25/Oct/2017 12:30:36] "GET /get_courses/?id=&name=&teacher__name=&time=&class_field__name=&remark= HTTP/1.1" 200 15174
[25/Oct/2017 12:30:37] "GET /get_courses/?id=&name=&teacher__name=&time=&class_field__name=&remark= HTTP/1.1" 200 15174
[25/Oct/2017 12:30:42] "GET /get_courses/?id=&name=&teacher__name=&time=%E5%91%A8%E4%B8%89&class_field__name=&remark= HTTP/1.1" 200 15186
[25/Oct/2017 12:33:36] "GET /static/css/xadmin.css HTTP/1.1" 304 0
[25/Oct/2017 12:33:37] "GET /admin_student/?page_index=1&is_new=0 HTTP/1.1" 200 52680
[25/Oct/2017 12:33:37] "GET /static/css/font.css HTTP/1.1" 304 0
[25/Oct/2017 12:33:37] "GET /static/js/xadmin.js HTTP/1.1" 304 0
[25/Oct/2017 12:33:37] "GET /static/lib/layui/css/layui.css HTTP/1.1" 304 0
[25/Oct/2017 12:33:37] "GET /static/lib/layui/layui.js HTTP/1.1" 304 0
[25/Oct/2017 12:33:37] "GET /static/lib/layui/lay/modules/laydate.js HTTP/1.1" 304 0
[25/Oct/2017 12:33:37] "GET /static/lib/layui/lay/modules/laypage.js HTTP/1.1" 304 0
[25/Oct/2017 12:33:37] "GET /static/lib/layui/lay/modules/form.js HTTP/1.1" 304 0
[25/Oct/2017 12:33:37] "GET /static/lib/layui/font/iconfont.svg?v=2.0.0 HTTP/1.1" 304 0
[25/Oct/2017 12:33:37] "GET /static/lib/layui/css/modules/laydate/default/laydate.css?v=5.0.2 HTTP/1.1" 304 0
[25/Oct/2017 12:33:37] "GET /static/lib/layui/font/iconfont.woff?v=2.0.0 HTTP/1.1" 304 0
[25/Oct/2017 12:33:37] "GET /static/lib/layui/lay/modules/layer.js HTTP/1.1" 304 0
[25/Oct/2017 12:33:37] "GET /static/lib/layui/lay/modules/element.js HTTP/1.1" 304 0
[25/Oct/2017 12:33:37] "GET /static/lib/layui/css/modules/layer/default/layer.css?v=3.0.3 HTTP/1.1" 304 0
[25/Oct/2017 12:34:00] "GET /admin_classroom/1 HTTP/1.1" 200 11546
[25/Oct/2017 12:34:02] "GET /admin_campus/1 HTTP/1.1" 200 11020
[25/Oct/2017 12:34:04] "GET /admin_school/1 HTTP/1.1" 200 7796
[25/Oct/2017 12:34:10] "GET /admin_classroom/1 HTTP/1.1" 200 11546
[25/Oct/2017 12:34:12] "GET /admin_campus/1 HTTP/1.1" 200 11020
[25/Oct/2017 12:34:13] "GET /static/lib/layui/layui.js HTTP/1.1" 200 5924
[25/Oct/2017 12:34:13] "GET /static/lib/layui/layui.js HTTP/1.1" 200 5924
[25/Oct/2017 12:34:13] "GET /static/js/xadmin.js HTTP/1.1" 200 5459
[25/Oct/2017 12:34:14] "GET /admin_school/1 HTTP/1.1" 200 7796
[25/Oct/2017 12:34:14] "GET /static/js/xadmin.js HTTP/1.1" 200 5459
[25/Oct/2017 12:34:14] "GET /admin_add_course/ HTTP/1.1" 200 7113
[25/Oct/2017 12:34:15] "GET /admin_course_manager/1 HTTP/1.1" 200 13975
[25/Oct/2017 12:34:16] "GET /admin_teacher_add/ HTTP/1.1" 200 6910
[25/Oct/2017 12:34:19] "GET /static/lib/layui/layui.js HTTP/1.1" 200 5924
[25/Oct/2017 12:34:19] "GET /static/js/xadmin.js HTTP/1.1" 200 5459
[25/Oct/2017 12:34:24] "GET /admin_add_course HTTP/1.1" 301 0
[25/Oct/2017 12:34:24] "GET /admin_add_course/ HTTP/1.1" 200 7113
[25/Oct/2017 12:34:25] "GET /static/lib/layui/layui.js HTTP/1.1" 200 5924
[25/Oct/2017 12:34:25] "GET /static/js/xadmin.js HTTP/1.1" 200 5459
[25/Oct/2017 12:34:26] "GET /admin_teacher_add HTTP/1.1" 301 0
[25/Oct/2017 12:34:26] "GET /admin_teacher_add/ HTTP/1.1" 200 6910
[25/Oct/2017 12:34:26] "GET /static/lib/layui/layui.js HTTP/1.1" 200 5924
[25/Oct/2017 12:34:27] "GET /static/js/xadmin.js HTTP/1.1" 200 5459
[25/Oct/2017 12:34:48] "GET /admin_teacher_add/ HTTP/1.1" 200 6910
[25/Oct/2017 12:35:42] "POST /admin_teacher_add_handle/ HTTP/1.1" 200 36
[25/Oct/2017 12:38:42] "GET /admin_classroom/1 HTTP/1.1" 200 11546
[25/Oct/2017 12:38:42] "GET /static/css/font.css HTTP/1.1" 304 0
[25/Oct/2017 12:38:42] "GET /static/css/xadmin.css HTTP/1.1" 304 0
[25/Oct/2017 12:38:42] "GET /static/lib/layui/layui.js HTTP/1.1" 304 0
[25/Oct/2017 12:38:42] "GET /static/js/xadmin.js HTTP/1.1" 304 0
[25/Oct/2017 12:38:42] "GET /static/lib/layui/css/layui.css HTTP/1.1" 304 0
[25/Oct/2017 12:38:42] "GET /static/lib/layui/font/iconfont.woff?v=2.0.0 HTTP/1.1" 304 0
[25/Oct/2017 12:38:42] "GET /static/lib/layui/lay/modules/laydate.js HTTP/1.1" 304 0
[25/Oct/2017 12:38:42] "GET /static/lib/layui/lay/modules/laypage.js HTTP/1.1" 304 0
[25/Oct/2017 12:38:42] "GET /static/lib/layui/lay/modules/form.js HTTP/1.1" 304 0
[25/Oct/2017 12:38:43] "GET /static/lib/layui/css/modules/laydate/default/laydate.css?v=5.0.2 HTTP/1.1" 304 0
[25/Oct/2017 12:38:43] "GET /static/lib/layui/lay/modules/layer.js HTTP/1.1" 304 0
[25/Oct/2017 12:38:43] "GET /static/lib/layui/css/modules/layer/default/layer.css?v=3.0.3 HTTP/1.1" 304 0
[25/Oct/2017 12:38:43] "GET /static/lib/layui/lay/modules/element.js HTTP/1.1" 304 0
