[25/Oct/2017 13:37:00] "GET /user/ HTTP/1.1" 200 2854
[25/Oct/2017 13:37:00] "GET /static/css/font.css HTTP/1.1" 200 521
[25/Oct/2017 13:37:00] "GET /static/css/xadmin.css HTTP/1.1" 200 9175
[25/Oct/2017 13:37:00] "GET /static/js/xadmin.js HTTP/1.1" 200 5459
[25/Oct/2017 13:37:00] "GET /static/lib/layui/layui.js HTTP/1.1" 200 5924
[25/Oct/2017 13:37:01] "GET /static/lib/layui/css/layui.css HTTP/1.1" 304 0
[25/Oct/2017 13:37:01] "GET /static/images/bg.png HTTP/1.1" 304 0
[25/Oct/2017 13:37:01] "GET /static/images/aiwrap.png HTTP/1.1" 304 0
[25/Oct/2017 13:37:01] "GET /static/lib/layui/lay/modules/form.js HTTP/1.1" 304 0
[25/Oct/2017 13:37:01] "GET /static/lib/layui/lay/modules/layer.js HTTP/1.1" 304 0
[25/Oct/2017 13:37:01] "GET /static/lib/layui/css/modules/layer/default/layer.css?v=3.0.3 HTTP/1.1" 304 0
[25/Oct/2017 13:37:01] "GET /static/lib/layui/lay/modules/element.js HTTP/1.1" 304 0
[25/Oct/2017 13:37:01] "GET /static/images/favicon.png HTTP/1.1" 200 1024
[25/Oct/2017 13:37:02] "POST /login_handle/ HTTP/1.1" 200 36
[25/Oct/2017 13:37:02] "GET /index/ HTTP/1.1" 200 6770
[25/Oct/2017 13:37:03] "GET /static/fonts/iconfont.woff HTTP/1.1" 304 0
[25/Oct/2017 13:37:03] "GET /static/lib/layui/font/iconfont.woff?v=2.0.0 HTTP/1.1" 304 0
/root/workspace/http/mingjia/mingjia_admin/views.py:158: UnorderedObjectListWarning: Pagination may yield inconsistent results with an unordered object_list: <class 'mingjia_admin.models.Student'> QuerySet.
  paginator = Paginator(students, limit)
[25/Oct/2017 13:37:05] "GET /admin_student/?page_index=1&is_new=0 HTTP/1.1" 200 52680
[25/Oct/2017 13:37:06] "GET /static/lib/layui/lay/modules/laydate.js HTTP/1.1" 304 0
[25/Oct/2017 13:37:06] "GET /static/lib/layui/lay/modules/laypage.js HTTP/1.1" 304 0
[25/Oct/2017 13:37:06] "GET /admin_student/?page_index=1&is_new=1 HTTP/1.1" 200 51401
[25/Oct/2017 13:37:06] "GET /static/lib/layui/css/modules/laydate/default/laydate.css?v=5.0.2 HTTP/1.1" 304 0
[25/Oct/2017 13:37:06] "GET /admin_add/ HTTP/1.1" 200 7354
[25/Oct/2017 14:00:28] "GET /static/lib/layui/lay/modules/form.js HTTP/1.1" 304 0
[25/Oct/2017 14:00:28] "GET /static/lib/layui/lay/modules/layer.js HTTP/1.1" 304 0
[25/Oct/2017 14:00:29] "GET /static/lib/layui/css/modules/layer/default/layer.css?v=3.0.3 HTTP/1.1" 304 0
[25/Oct/2017 14:00:29] "GET /static/lib/layui/lay/modules/element.js HTTP/1.1" 304 0
[25/Oct/2017 14:11:28] "GET /index/ HTTP/1.1" 302 0
[25/Oct/2017 14:11:29] "GET /user/ HTTP/1.1" 200 2854
[25/Oct/2017 14:11:29] "GET /static/css/xadmin.css HTTP/1.1" 200 9175
[25/Oct/2017 14:11:29] "GET /static/css/font.css HTTP/1.1" 304 0
[25/Oct/2017 14:11:29] "GET /static/lib/layui/layui.js HTTP/1.1" 304 0
[25/Oct/2017 14:11:29] "GET /static/js/xadmin.js HTTP/1.1" 304 0
[25/Oct/2017 14:11:29] "GET /static/lib/layui/css/layui.css HTTP/1.1" 304 0
[25/Oct/2017 14:11:30] "GET /static/images/bg.png HTTP/1.1" 304 0
[25/Oct/2017 14:11:30] "GET /static/images/aiwrap.png HTTP/1.1" 304 0
[25/Oct/2017 14:11:30] "GET /static/lib/layui/lay/modules/form.js HTTP/1.1" 304 0
[25/Oct/2017 14:11:32] "GET /static/lib/layui/lay/modules/layer.js HTTP/1.1" 304 0
[25/Oct/2017 14:11:32] "GET /static/lib/layui/lay/modules/element.js HTTP/1.1" 304 0
[25/Oct/2017 14:11:32] "GET /static/lib/layui/css/modules/layer/default/layer.css?v=3.0.3 HTTP/1.1" 304 0
[25/Oct/2017 14:11:33] "POST /login_handle/ HTTP/1.1" 200 36
[25/Oct/2017 14:11:33] "GET /index/ HTTP/1.1" 302 0
[25/Oct/2017 14:11:33] "GET /index/ HTTP/1.1" 200 6770
[25/Oct/2017 14:11:33] "GET /static/fonts/iconfont.woff HTTP/1.1" 304 0
[25/Oct/2017 14:11:33] "GET /static/lib/layui/font/iconfont.svg?v=2.0.0 HTTP/1.1" 304 0
[25/Oct/2017 14:11:34] "GET /static/lib/layui/font/iconfont.woff?v=2.0.0 HTTP/1.1" 304 0
[25/Oct/2017 14:11:35] "GET /user/ HTTP/1.1" 200 2854
[25/Oct/2017 14:11:35] "GET /admin_add/ HTTP/1.1" 200 7354
[25/Oct/2017 14:11:36] "GET /static/lib/layui/lay/modules/laydate.js HTTP/1.1" 304 0
[25/Oct/2017 14:11:36] "GET /static/css/font.css HTTP/1.1" 200 521
[25/Oct/2017 14:11:36] "GET /static/css/xadmin.css HTTP/1.1" 200 9175
[25/Oct/2017 14:11:36] "GET /static/lib/layui/layui.js HTTP/1.1" 200 5924
[25/Oct/2017 14:11:36] "GET /static/js/xadmin.js HTTP/1.1" 200 5459
[25/Oct/2017 14:11:36] "GET /static/lib/layui/css/modules/laydate/default/laydate.css?v=5.0.2 HTTP/1.1" 304 0
[25/Oct/2017 14:11:36] "GET /static/lib/layui/css/layui.css HTTP/1.1" 200 50972
[25/Oct/2017 14:11:36] "GET /static/lib/layui/lay/modules/laypage.js HTTP/1.1" 304 0
[25/Oct/2017 14:11:36] "GET /admin_student/?page_index=1&is_new=1 HTTP/1.1" 200 51401
[25/Oct/2017 14:11:37] "GET /admin_student/?page_index=1&is_new=0 HTTP/1.1" 200 52680
[25/Oct/2017 14:11:38] "GET /static/images/bg.png HTTP/1.1" 200 28211
[25/Oct/2017 14:11:38] "GET /static/images/aiwrap.png HTTP/1.1" 200 3032
[25/Oct/2017 14:11:40] "GET /admin_teacher_add/ HTTP/1.1" 200 6910
Internal Server Error: /admin_teacher_manager/1
Traceback (most recent call last):
  File "/root/workspace/env27/local/lib/python2.7/site-packages/django/core/handlers/exception.py", line 41, in inner
    response = get_response(request)
  File "/root/workspace/env27/local/lib/python2.7/site-packages/django/core/handlers/base.py", line 187, in _get_response
    response = self.process_exception_by_middleware(e, request)
  File "/root/workspace/env27/local/lib/python2.7/site-packages/django/core/handlers/base.py", line 185, in _get_response
    response = wrapped_callback(request, *callback_args, **callback_kwargs)
  File "/root/workspace/http/mingjia/mingjia_admin/views.py", line 436, in admin_teacher_manager
    teachers = get_teacher_page(page_index)
  File "/root/workspace/http/mingjia/mingjia_admin/views.py", line 419, in get_teacher_page
    t.birthday = t.birthday.strftime("%Y-%m-%d")
ValueError: year=1111 is before 1900; the datetime strftime() methods require year >= 1900
[25/Oct/2017 14:11:41] "GET /admin_teacher_manager/1 HTTP/1.1" 500 68998
[25/Oct/2017 14:12:31] "GET /index/ HTTP/1.1" 302 0
[25/Oct/2017 14:12:31] "GET /user/ HTTP/1.1" 200 2854
[25/Oct/2017 14:12:31] "GET /static/css/font.css HTTP/1.1" 200 521
[25/Oct/2017 14:12:31] "GET /static/css/xadmin.css HTTP/1.1" 200 9175
[25/Oct/2017 14:12:31] "GET /static/lib/layui/layui.js HTTP/1.1" 200 5924
[25/Oct/2017 14:12:31] "GET /static/js/xadmin.js HTTP/1.1" 200 5459
[25/Oct/2017 14:12:31] "GET /static/lib/layui/css/layui.css HTTP/1.1" 200 50972
[25/Oct/2017 14:12:32] "GET /static/images/bg.png HTTP/1.1" 200 28211
[25/Oct/2017 14:12:32] "GET /static/images/aiwrap.png HTTP/1.1" 200 3032
[25/Oct/2017 14:12:32] "GET /static/lib/layui/lay/modules/form.js HTTP/1.1" 200 7330
[25/Oct/2017 14:12:33] "GET /static/lib/layui/lay/modules/layer.js HTTP/1.1" 200 21835
[25/Oct/2017 14:12:33] "GET /static/lib/layui/css/modules/layer/default/layer.css?v=3.0.3 HTTP/1.1" 200 14365
[25/Oct/2017 14:12:33] "GET /static/lib/layui/lay/modules/element.js HTTP/1.1" 200 6960
[25/Oct/2017 14:12:34] "GET /static/images/favicon.png HTTP/1.1" 200 1024
[25/Oct/2017 14:13:10] "POST /login_handle/ HTTP/1.1" 200 36
[25/Oct/2017 14:13:10] "GET /index/ HTTP/1.1" 200 6770
[25/Oct/2017 14:13:11] "GET /static/fonts/iconfont.woff HTTP/1.1" 200 30200
[25/Oct/2017 14:13:11] "GET /static/lib/layui/font/iconfont.woff?v=2.0.0 HTTP/1.1" 200 21680
[25/Oct/2017 14:13:20] "GET /admin_add/ HTTP/1.1" 200 7354
[25/Oct/2017 14:13:21] "GET /static/lib/layui/lay/modules/laydate.js HTTP/1.1" 200 26806
[25/Oct/2017 14:13:21] "GET /static/lib/layui/css/modules/laydate/default/laydate.css?v=5.0.2 HTTP/1.1" 200 7523
[25/Oct/2017 14:15:56] "GET /admin_teacher_add/ HTTP/1.1" 200 6910
[25/Oct/2017 14:15:57] "GET /static/css/font.css HTTP/1.1" 304 0
[25/Oct/2017 14:15:57] "GET /static/css/xadmin.css HTTP/1.1" 304 0
[25/Oct/2017 14:15:57] "GET /static/lib/layui/layui.js HTTP/1.1" 304 0
[25/Oct/2017 14:15:57] "GET /static/js/xadmin.js HTTP/1.1" 304 0
[25/Oct/2017 14:15:57] "GET /static/lib/layui/css/layui.css HTTP/1.1" 304 0
[25/Oct/2017 14:15:57] "GET /static/lib/layui/lay/modules/form.js HTTP/1.1" 304 0
[25/Oct/2017 14:15:57] "GET /static/lib/layui/lay/modules/laydate.js HTTP/1.1" 304 0
[25/Oct/2017 14:15:57] "GET /static/lib/layui/css/modules/laydate/default/laydate.css?v=5.0.2 HTTP/1.1" 304 0
[25/Oct/2017 14:15:57] "GET /static/lib/layui/lay/modules/layer.js HTTP/1.1" 304 0
[25/Oct/2017 14:15:57] "GET /static/lib/layui/css/modules/layer/default/layer.css?v=3.0.3 HTTP/1.1" 304 0
[25/Oct/2017 14:15:57] "GET /static/lib/layui/lay/modules/element.js HTTP/1.1" 304 0
[25/Oct/2017 14:15:57] "GET /static/lib/layui/font/iconfont.woff?v=2.0.0 HTTP/1.1" 304 0
[25/Oct/2017 14:16:02] "GET /static/lib/layui/css/modules/layer/default/icon.png HTTP/1.1" 304 0
[25/Oct/2017 14:19:22] "GET /index/ HTTP/1.1" 200 6770
[25/Oct/2017 14:19:22] "GET /static/fonts/iconfont.woff HTTP/1.1" 304 0
[25/Oct/2017 14:19:22] "GET /static/images/favicon.png HTTP/1.1" 200 1024
/root/workspace/http/mingjia/mingjia_admin/views.py:428: UnorderedObjectListWarning: Pagination may yield inconsistent results with an unordered object_list: <class 'mingjia_admin.models.Teacher'> QuerySet.
  paginator = Paginator(teachers, limit)
[25/Oct/2017 14:19:25] "GET /admin_teacher_manager/1 HTTP/1.1" 200 20391
[25/Oct/2017 14:19:25] "GET /static/lib/layui/lay/modules/laypage.js HTTP/1.1" 304 0
[25/Oct/2017 14:19:26] "GET /admin_teacher_add/ HTTP/1.1" 200 6910
[25/Oct/2017 14:19:36] "GET /admin_add_course/ HTTP/1.1" 200 7113
/root/workspace/http/mingjia/mingjia_admin/views.py:652: UnorderedObjectListWarning: Pagination may yield inconsistent results with an unordered object_list: <class 'mingjia_admin.models.Course'> QuerySet.
  paginator = Paginator(courses, limit)
[25/Oct/2017 14:19:37] "GET /admin_course_manager/1 HTTP/1.1" 200 13975
[25/Oct/2017 14:24:06] "GET /admin_student/?page_index=1&is_new=1 HTTP/1.1" 200 51401
[25/Oct/2017 14:24:07] "GET /static/lib/layui/lay/modules/laypage.js HTTP/1.1" 200 4395
/root/workspace/http/mingjia/mingjia_admin/views.py:957: UnorderedObjectListWarning: Pagination may yield inconsistent results with an unordered object_list: <class 'mingjia_admin.models.School'> QuerySet.
  paginator = Paginator(schools, limit)
[25/Oct/2017 14:29:27] "GET /admin_school/1 HTTP/1.1" 200 7796
/root/workspace/http/mingjia/mingjia_admin/views.py:909: UnorderedObjectListWarning: Pagination may yield inconsistent results with an unordered object_list: <class 'mingjia_admin.models.School'> QuerySet.
  paginator = Paginator(schools, limit)
[25/Oct/2017 14:29:28] "GET /admin_campus/1 HTTP/1.1" 200 11020
/root/workspace/http/mingjia/mingjia_admin/views.py:740: UnorderedObjectListWarning: Pagination may yield inconsistent results with an unordered object_list: <class 'mingjia_admin.models.Classroom'> QuerySet.
  paginator = Paginator(classrooms, limit)
[25/Oct/2017 14:29:32] "GET /admin_classroom/1 HTTP/1.1" 200 11546
Internal Server Error: /admin_backup/
Traceback (most recent call last):
  File "/root/workspace/env27/local/lib/python2.7/site-packages/django/core/handlers/exception.py", line 41, in inner
    response = get_response(request)
  File "/root/workspace/env27/local/lib/python2.7/site-packages/django/core/handlers/base.py", line 187, in _get_response
    response = self.process_exception_by_middleware(e, request)
  File "/root/workspace/env27/local/lib/python2.7/site-packages/django/core/handlers/base.py", line 185, in _get_response
    response = wrapped_callback(request, *callback_args, **callback_kwargs)
  File "/root/workspace/http/mingjia/mingjia_admin/views.py", line 1688, in admin_backup
    del_files('mingjia_admin/file')
  File "/root/workspace/http/mingjia/mingjia_admin/views.py", line 1659, in del_files
    path_dirs = os.listdir(parent)
OSError: [Errno 2] No such file or directory: 'mingjia_admin/file'
[25/Oct/2017 14:29:37] "GET /admin_backup/ HTTP/1.1" 500 67583
Performing system checks...

System check identified no issues (0 silenced).
October 25, 2017 - 13:36:52
Django version 1.11.5, using settings 'mingjia.settings'
Starting development server at http://0.0.0.0:8000/
Quit the server with CONTROL-C.
 func(request)被执行
 func(request)被执行
0
 func(request)被执行
1
 func(request)被执行
 func(request)被执行
 func(request)被执行
 func(request)被执行
1
 func(request)被执行
0
 func(request)被执行
 func(request)被执行
 func(request)被执行
 func(request)被执行
1
Internal Server Error: /admin_print_more/
Traceback (most recent call last):
  File "/root/workspace/env27/local/lib/python2.7/site-packages/django/core/handlers/exception.py", line 41, in inner
    response = get_response(request)
  File "/root/workspace/env27/local/lib/python2.7/site-packages/django/core/handlers/base.py", line 187, in _get_response
    response = self.process_exception_by_middleware(e, request)
  File "/root/workspace/env27/local/lib/python2.7/site-packages/django/core/handlers/base.py", line 185, in _get_response
    response = wrapped_callback(request, *callback_args, **callback_kwargs)
  File "/root/workspace/http/mingjia/mingjia_admin/views.py", line 1434, in admin_print_more
    del_files('mingjia_admin/file')
  File "/root/workspace/http/mingjia/mingjia_admin/views.py", line 1659, in del_files
    path_dirs = os.listdir(parent)
OSError: [Errno 2] No such file or directory: 'mingjia_admin/file'
[25/Oct/2017 14:58:50] "GET /static/lib/layui/css/modules/layer/default/icon.png HTTP/1.1" 200 11493
[25/Oct/2017 14:58:50] "GET /static/lib/layui/css/modules/layer/default/loading-1.gif HTTP/1.1" 200 701
[25/Oct/2017 14:58:50] "GET /admin_print_more/?type=0&is_search=False&is_new=1&index=1&course_id=&school_name=&phone=&name=&remark= HTTP/1.1" 500 70054
/root/workspace/http/mingjia/mingjia_admin/views.py:158: UnorderedObjectListWarning: Pagination may yield inconsistent results with an unordered object_list: <class 'mingjia_admin.models.Student'> QuerySet.
  paginator = Paginator(students, limit)
[25/Oct/2017 14:59:12] "GET /admin_student/?page_index=1&is_new=0 HTTP/1.1" 200 52680
[25/Oct/2017 14:59:12] "GET /static/css/font.css HTTP/1.1" 304 0
[25/Oct/2017 14:59:12] "GET /static/css/xadmin.css HTTP/1.1" 304 0
[25/Oct/2017 14:59:12] "GET /static/lib/layui/layui.js HTTP/1.1" 304 0
[25/Oct/2017 14:59:12] "GET /static/js/xadmin.js HTTP/1.1" 304 0
[25/Oct/2017 14:59:12] "GET /static/lib/layui/css/layui.css HTTP/1.1" 304 0
[25/Oct/2017 14:59:13] "GET /static/lib/layui/font/iconfont.woff?v=2.0.0 HTTP/1.1" 304 0
[25/Oct/2017 14:59:13] "GET /static/lib/layui/lay/modules/laydate.js HTTP/1.1" 304 0
[25/Oct/2017 14:59:13] "GET /static/lib/layui/lay/modules/laypage.js HTTP/1.1" 304 0
[25/Oct/2017 14:59:13] "GET /static/lib/layui/lay/modules/form.js HTTP/1.1" 304 0
[25/Oct/2017 14:59:13] "GET /static/lib/layui/css/modules/laydate/default/laydate.css?v=5.0.2 HTTP/1.1" 304 0
[25/Oct/2017 14:59:13] "GET /static/lib/layui/lay/modules/layer.js HTTP/1.1" 304 0
[25/Oct/2017 14:59:13] "GET /static/lib/layui/css/modules/layer/default/layer.css?v=3.0.3 HTTP/1.1" 304 0
[25/Oct/2017 14:59:13] "GET /static/lib/layui/lay/modules/element.js HTTP/1.1" 304 0
[25/Oct/2017 14:59:30] "GET /admin_student/?page_index=2&is_new=0 HTTP/1.1" 200 37321
[25/Oct/2017 14:59:33] "GET /admin_student/?page_index=1&is_new=0 HTTP/1.1" 200 52680
[25/Oct/2017 15:00:01] "GET /admin_student/?page_index=1&is_new=0 HTTP/1.1" 200 52680
[25/Oct/2017 15:00:03] "GET /admin_student/?page_index=1&is_new=0 HTTP/1.1" 200 52680
[25/Oct/2017 15:00:21] "GET /admin_student/?page_index=2&is_new=0 HTTP/1.1" 200 37321
[25/Oct/2017 15:00:35] "GET /admin_student_detail/37 HTTP/1.1" 200 5206
Internal Server Error: /admin_print/0/37
Traceback (most recent call last):
  File "/root/workspace/env27/local/lib/python2.7/site-packages/django/core/handlers/exception.py", line 41, in inner
    response = get_response(request)
  File "/root/workspace/env27/local/lib/python2.7/site-packages/django/core/handlers/base.py", line 187, in _get_response
    response = self.process_exception_by_middleware(e, request)
  File "/root/workspace/env27/local/lib/python2.7/site-packages/django/core/handlers/base.py", line 185, in _get_response
    response = wrapped_callback(request, *callback_args, **callback_kwargs)
  File "/root/workspace/http/mingjia/mingjia_admin/views.py", line 1310, in admin_print
    del_files('mingjia_admin/file')
  File "/root/workspace/http/mingjia/mingjia_admin/views.py", line 1659, in del_files
    path_dirs = os.listdir(parent)
OSError: [Errno 2] No such file or directory: 'mingjia_admin/file'
[25/Oct/2017 15:00:46] "GET /admin_print/0/37 HTTP/1.1" 500 68035
[25/Oct/2017 15:01:07] "GET /index/index.html HTTP/1.1" 200 6770
[25/Oct/2017 15:01:07] "GET /static/fonts/iconfont.woff HTTP/1.1" 304 0
[25/Oct/2017 15:01:10] "GET /index/index.html HTTP/1.1" 200 6770
[25/Oct/2017 15:01:14] "GET /log_out/ HTTP/1.1" 302 0
[25/Oct/2017 15:01:14] "GET /user/ HTTP/1.1" 200 2854
[25/Oct/2017 15:01:14] "GET /static/images/bg.png HTTP/1.1" 304 0
[25/Oct/2017 15:01:14] "GET /static/images/aiwrap.png HTTP/1.1" 304 0
Not Found: /
[25/Oct/2017 15:01:53] "GET / HTTP/1.1" 404 7805
Not Found: /favicon.ico
[25/Oct/2017 15:01:53] "GET /favicon.ico HTTP/1.1" 404 7856
[25/Oct/2017 16:49:26] "GET /static/lib/layui/lay/modules/form.js HTTP/1.1" 304 0
[25/Oct/2017 16:49:26] "GET /user/ HTTP/1.1" 200 2854
[25/Oct/2017 16:49:26] "GET /static/css/font.css HTTP/1.1" 304 0
[25/Oct/2017 16:49:26] "GET /static/css/xadmin.css HTTP/1.1" 304 0
[25/Oct/2017 16:49:26] "GET /static/lib/layui/layui.js HTTP/1.1" 304 0
[25/Oct/2017 16:49:26] "GET /static/js/xadmin.js HTTP/1.1" 304 0
[25/Oct/2017 16:49:26] "GET /static/lib/layui/css/layui.css HTTP/1.1" 304 0
[25/Oct/2017 16:49:26] "GET /static/lib/layui/lay/modules/form.js HTTP/1.1" 304 0
[25/Oct/2017 16:49:26] "GET /static/images/aiwrap.png HTTP/1.1" 304 0
[25/Oct/2017 16:49:26] "GET /static/css/xadmin.css HTTP/1.1" 304 0
[25/Oct/2017 16:49:26] "GET /static/images/bg.png HTTP/1.1" 304 0
[25/Oct/2017 16:49:27] "GET /static/lib/layui/lay/modules/layer.js HTTP/1.1" 304 0
[25/Oct/2017 16:49:27] "GET /static/lib/layui/css/modules/layer/default/layer.css?v=3.0.3 HTTP/1.1" 304 0
[25/Oct/2017 16:49:27] "GET /static/lib/layui/lay/modules/element.js HTTP/1.1" 304 0
[25/Oct/2017 16:49:27] "GET /static/images/favicon.png HTTP/1.1" 200 1024
Invalid HTTP_HOST header: '59.110.6.4:8000'. You may need to add u'59.110.6.4' to ALLOWED_HOSTS.
[25/Oct/2017 16:49:37] "GET / HTTP/1.1" 400 60369
[25/Oct/2017 17:52:15] "GET /static/lib/layui/lay/modules/form.js HTTP/1.1" 304 0
[25/Oct/2017 17:52:15] "GET /static/lib/layui/lay/modules/layer.js HTTP/1.1" 304 0
[25/Oct/2017 17:52:15] "GET /static/lib/layui/css/modules/layer/default/layer.css?v=3.0.3 HTTP/1.1" 304 0
[25/Oct/2017 17:52:16] "GET /static/lib/layui/lay/modules/element.js HTTP/1.1" 304 0
Not Found: /
[25/Oct/2017 18:39:04] "GET / HTTP/1.1" 404 7805
Invalid HTTP_HOST header: 'www.baidu.com'. You may need to add u'www.baidu.com' to ALLOWED_HOSTS.
[25/Oct/2017 22:16:00] "GET http://www.baidu.com/cache/global/img/gs.gif HTTP/1.1" 400 60862
Invalid HTTP_HOST header: '59.110.244.56:8000'. You may need to add u'59.110.244.56' to ALLOWED_HOSTS.
[26/Oct/2017 00:38:25] "GET / HTTP/1.1" 400 60412
Invalid HTTP_HOST header: 'www.baidu.com'. You may need to add u'www.baidu.com' to ALLOWED_HOSTS.
[26/Oct/2017 02:30:42] "GET http://www.baidu.com/cache/global/img/gs.gif HTTP/1.1" 400 60860
Invalid HTTP_HOST header: 'www.baidu.com'. You may need to add u'www.baidu.com' to ALLOWED_HOSTS.
[26/Oct/2017 02:30:43] "GET http://www.baidu.com/cache/global/img/gs.gif HTTP/1.1" 400 60860
[26/Oct/2017 04:22:55] "GET /static/lib/layui/lay/modules/form.js HTTP/1.1" 304 0
[26/Oct/2017 04:22:55] "GET /static/lib/layui/lay/modules/layer.js HTTP/1.1" 304 0
[26/Oct/2017 04:22:55] "GET /static/lib/layui/css/modules/layer/default/layer.css?v=3.0.3 HTTP/1.1" 304 0
[26/Oct/2017 04:22:55] "GET /static/lib/layui/lay/modules/element.js HTTP/1.1" 304 0
